[Mon Feb 22 23:05:55.396073 2021] [ssl:warn] [pid 1432:tid 616] AH01909: www.example.com:443:0 server certificate does NOT include an ID which matches the server name
[Mon Feb 22 23:05:55.471080 2021] [ssl:warn] [pid 1432:tid 616] AH01909: www.example.com:443:0 server certificate does NOT include an ID which matches the server name
[Mon Feb 22 23:05:55.510082 2021] [mpm_winnt:notice] [pid 1432:tid 616] AH00455: Apache/2.4.46 (Win64) OpenSSL/1.1.1h PHP/8.0.2 configured -- resuming normal operations
[Mon Feb 22 23:05:55.510082 2021] [mpm_winnt:notice] [pid 1432:tid 616] AH00456: Apache Lounge VS16 Server built: Oct  2 2020 11:45:39
[Mon Feb 22 23:05:55.510082 2021] [core:notice] [pid 1432:tid 616] AH00094: Command line: 'c:\\xampp\\apache\\bin\\httpd.exe -d C:/xampp/apache'
[Mon Feb 22 23:05:55.516082 2021] [mpm_winnt:notice] [pid 1432:tid 616] AH00418: Parent: Created child process 10096
[Mon Feb 22 23:05:56.016741 2021] [ssl:warn] [pid 10096:tid 600] AH01909: www.example.com:443:0 server certificate does NOT include an ID which matches the server name
[Mon Feb 22 23:05:56.074744 2021] [ssl:warn] [pid 10096:tid 600] AH01909: www.example.com:443:0 server certificate does NOT include an ID which matches the server name
[Mon Feb 22 23:05:56.101333 2021] [mpm_winnt:notice] [pid 10096:tid 600] AH00354: Child: Starting 150 worker threads.
[Mon Feb 22 23:37:08.627474 2021] [php:error] [pid 10096:tid 1832] [client ::1:51796] PHP Fatal error:  Uncaught Error: mysqli_stmt::bind_param(): Argument #2 cannot be passed by reference in C:\\xampp\\htdocs\\index.php:28\nStack trace:\n#0 {main}\n  thrown in C:\\xampp\\htdocs\\index.php on line 28
[Mon Feb 22 23:37:40.616369 2021] [php:error] [pid 10096:tid 1836] [client ::1:51797] PHP Fatal error:  Uncaught Error: mysqli_stmt::bind_param(): Argument #2 cannot be passed by reference in C:\\xampp\\htdocs\\index.php:28\nStack trace:\n#0 {main}\n  thrown in C:\\xampp\\htdocs\\index.php on line 28
[Mon Feb 22 23:38:18.076408 2021] [php:error] [pid 10096:tid 1832] [client ::1:51802] PHP Fatal error:  Uncaught Error: mysqli_stmt::bind_param(): Argument #2 cannot be passed by reference in C:\\xampp\\htdocs\\index.php:28\nStack trace:\n#0 {main}\n  thrown in C:\\xampp\\htdocs\\index.php on line 28
[Mon Feb 22 23:38:19.154553 2021] [php:error] [pid 10096:tid 1832] [client ::1:51802] PHP Fatal error:  Uncaught Error: mysqli_stmt::bind_param(): Argument #2 cannot be passed by reference in C:\\xampp\\htdocs\\index.php:28\nStack trace:\n#0 {main}\n  thrown in C:\\xampp\\htdocs\\index.php on line 28
[Mon Feb 22 23:39:46.015697 2021] [php:error] [pid 10096:tid 1836] [client ::1:51816] PHP Parse error:  syntax error, unexpected token "&", expecting ")" in C:\\xampp\\htdocs\\index.php on line 29
[Mon Feb 22 23:40:12.212074 2021] [php:error] [pid 10096:tid 1836] [client ::1:51819] PHP Fatal error:  Uncaught Error: mysqli_stmt::bind_param(): Argument #2 cannot be passed by reference in C:\\xampp\\htdocs\\index.php:29\nStack trace:\n#0 {main}\n  thrown in C:\\xampp\\htdocs\\index.php on line 29
[Mon Feb 22 23:40:22.610751 2021] [php:error] [pid 10096:tid 1832] [client ::1:51822] PHP Parse error:  Unclosed '(' does not match ']' in C:\\xampp\\htdocs\\index.php on line 29
[Mon Feb 22 23:40:46.976791 2021] [php:error] [pid 10096:tid 1836] [client ::1:51824] PHP Parse error:  syntax error, unexpected token "{", expecting ")" in C:\\xampp\\htdocs\\index.php on line 29
[Mon Feb 22 23:40:54.725801 2021] [php:error] [pid 10096:tid 1832] [client ::1:51827] PHP Parse error:  syntax error, unexpected token "{", expecting ")" in C:\\xampp\\htdocs\\index.php on line 29
[Mon Feb 22 23:40:55.468800 2021] [php:error] [pid 10096:tid 1832] [client ::1:51827] PHP Parse error:  syntax error, unexpected token "{", expecting ")" in C:\\xampp\\htdocs\\index.php on line 29
[Mon Feb 22 23:49:35.725547 2021] [php:error] [pid 10096:tid 1836] [client ::1:51880] PHP Parse error:  syntax error, unexpected token "echo" in C:\\xampp\\htdocs\\index.php on line 35
[Tue Feb 23 01:12:36.310264 2021] [ssl:warn] [pid 11720:tid 632] AH01909: www.example.com:443:0 server certificate does NOT include an ID which matches the server name
[Tue Feb 23 01:12:36.372784 2021] [core:warn] [pid 11720:tid 632] AH00098: pid file C:/xampp/apache/logs/httpd.pid overwritten -- Unclean shutdown of previous Apache run?
[Tue Feb 23 01:12:36.388416 2021] [ssl:warn] [pid 11720:tid 632] AH01909: www.example.com:443:0 server certificate does NOT include an ID which matches the server name
[Tue Feb 23 01:12:36.404044 2021] [mpm_winnt:notice] [pid 11720:tid 632] AH00455: Apache/2.4.46 (Win64) OpenSSL/1.1.1h PHP/8.0.2 configured -- resuming normal operations
[Tue Feb 23 01:12:36.404044 2021] [mpm_winnt:notice] [pid 11720:tid 632] AH00456: Apache Lounge VS16 Server built: Oct  2 2020 11:45:39
[Tue Feb 23 01:12:36.404044 2021] [core:notice] [pid 11720:tid 632] AH00094: Command line: 'c:\\xampp\\apache\\bin\\httpd.exe -d C:/xampp/apache'
[Tue Feb 23 01:12:36.419672 2021] [mpm_winnt:notice] [pid 11720:tid 632] AH00418: Parent: Created child process 8196
[Tue Feb 23 01:12:36.900848 2021] [ssl:warn] [pid 8196:tid 624] AH01909: www.example.com:443:0 server certificate does NOT include an ID which matches the server name
[Tue Feb 23 01:12:36.963368 2021] [ssl:warn] [pid 8196:tid 624] AH01909: www.example.com:443:0 server certificate does NOT include an ID which matches the server name
[Tue Feb 23 01:12:36.994626 2021] [mpm_winnt:notice] [pid 8196:tid 624] AH00354: Child: Starting 150 worker threads.
[Tue Feb 23 01:17:05.181619 2021] [ssl:warn] [pid 708:tid 600] AH01909: www.example.com:443:0 server certificate does NOT include an ID which matches the server name
[Tue Feb 23 01:17:05.244623 2021] [core:warn] [pid 708:tid 600] AH00098: pid file C:/xampp/apache/logs/httpd.pid overwritten -- Unclean shutdown of previous Apache run?
[Tue Feb 23 01:17:05.255623 2021] [ssl:warn] [pid 708:tid 600] AH01909: www.example.com:443:0 server certificate does NOT include an ID which matches the server name
[Tue Feb 23 01:17:05.283631 2021] [mpm_winnt:notice] [pid 708:tid 600] AH00455: Apache/2.4.46 (Win64) OpenSSL/1.1.1h PHP/8.0.2 configured -- resuming normal operations
[Tue Feb 23 01:17:05.283631 2021] [mpm_winnt:notice] [pid 708:tid 600] AH00456: Apache Lounge VS16 Server built: Oct  2 2020 11:45:39
[Tue Feb 23 01:17:05.283631 2021] [core:notice] [pid 708:tid 600] AH00094: Command line: 'c:\\xampp\\apache\\bin\\httpd.exe -d C:/xampp/apache'
[Tue Feb 23 01:17:05.290629 2021] [mpm_winnt:notice] [pid 708:tid 600] AH00418: Parent: Created child process 13856
[Tue Feb 23 01:17:05.793777 2021] [ssl:warn] [pid 13856:tid 536] AH01909: www.example.com:443:0 server certificate does NOT include an ID which matches the server name
[Tue Feb 23 01:17:05.857783 2021] [ssl:warn] [pid 13856:tid 536] AH01909: www.example.com:443:0 server certificate does NOT include an ID which matches the server name
[Tue Feb 23 01:17:05.888784 2021] [mpm_winnt:notice] [pid 13856:tid 536] AH00354: Child: Starting 150 worker threads.
[Tue Feb 23 13:55:00.804385 2021] [ssl:warn] [pid 8420:tid 480] AH01909: www.example.com:443:0 server certificate does NOT include an ID which matches the server name
[Tue Feb 23 13:55:00.866878 2021] [core:warn] [pid 8420:tid 480] AH00098: pid file C:/xampp/apache/logs/httpd.pid overwritten -- Unclean shutdown of previous Apache run?
[Tue Feb 23 13:55:00.866878 2021] [ssl:warn] [pid 8420:tid 480] AH01909: www.example.com:443:0 server certificate does NOT include an ID which matches the server name
[Tue Feb 23 13:55:01.163746 2021] [mpm_winnt:notice] [pid 8420:tid 480] AH00455: Apache/2.4.46 (Win64) OpenSSL/1.1.1h PHP/8.0.2 configured -- resuming normal operations
[Tue Feb 23 13:55:01.163746 2021] [mpm_winnt:notice] [pid 8420:tid 480] AH00456: Apache Lounge VS16 Server built: Oct  2 2020 11:45:39
[Tue Feb 23 13:55:01.163746 2021] [core:notice] [pid 8420:tid 480] AH00094: Command line: 'c:\\xampp\\apache\\bin\\httpd.exe -d C:/xampp/apache'
[Tue Feb 23 13:55:01.163746 2021] [mpm_winnt:notice] [pid 8420:tid 480] AH00418: Parent: Created child process 4380
[Tue Feb 23 13:55:01.572261 2021] [ssl:warn] [pid 4380:tid 592] AH01909: www.example.com:443:0 server certificate does NOT include an ID which matches the server name
[Tue Feb 23 13:55:01.619135 2021] [ssl:warn] [pid 4380:tid 592] AH01909: www.example.com:443:0 server certificate does NOT include an ID which matches the server name
[Tue Feb 23 13:55:01.650386 2021] [mpm_winnt:notice] [pid 4380:tid 592] AH00354: Child: Starting 150 worker threads.
[Tue Feb 23 21:50:06.298344 2021] [php:error] [pid 4380:tid 1828] [client ::1:55206] PHP Parse error:  syntax error, unexpected token "exit" in C:\\xampp\\htdocs\\index.php on line 4, referer: http://localhost:3000/
[Tue Feb 23 21:50:06.302347 2021] [php:error] [pid 4380:tid 1828] [client ::1:55206] PHP Parse error:  syntax error, unexpected token "exit" in C:\\xampp\\htdocs\\index.php on line 4, referer: http://localhost:3000/
[Tue Feb 23 21:50:26.111875 2021] [php:warn] [pid 4380:tid 1836] [client ::1:55207] PHP Warning:  Undefined array key "updateTask" in C:\\xampp\\htdocs\\index.php on line 2, referer: http://localhost:3000/
[Tue Feb 23 21:50:26.116874 2021] [php:warn] [pid 4380:tid 1836] [client ::1:55207] PHP Warning:  Undefined array key "updateTask" in C:\\xampp\\htdocs\\index.php on line 2, referer: http://localhost:3000/
[Tue Feb 23 21:51:19.529962 2021] [php:warn] [pid 4380:tid 1828] [client ::1:55220] PHP Warning:  Undefined array key "updateTask" in C:\\xampp\\htdocs\\index.php on line 4, referer: http://localhost:3000/
[Tue Feb 23 21:51:19.534963 2021] [php:warn] [pid 4380:tid 1828] [client ::1:55220] PHP Warning:  Undefined array key "updateTask" in C:\\xampp\\htdocs\\index.php on line 4, referer: http://localhost:3000/
[Tue Feb 23 21:53:05.447028 2021] [php:warn] [pid 4380:tid 1836] [client ::1:55315] PHP Warning:  Undefined array key "updateTask" in C:\\xampp\\htdocs\\index.php on line 4, referer: http://localhost:3000/
[Tue Feb 23 21:53:05.452026 2021] [php:warn] [pid 4380:tid 1836] [client ::1:55315] PHP Warning:  Undefined array key "updateTask" in C:\\xampp\\htdocs\\index.php on line 4, referer: http://localhost:3000/
[Tue Feb 23 21:53:30.359035 2021] [php:warn] [pid 4380:tid 1828] [client ::1:55317] PHP Warning:  Undefined array key "updateTask" in C:\\xampp\\htdocs\\index.php on line 5, referer: http://localhost:3000/
[Tue Feb 23 21:53:30.365039 2021] [php:warn] [pid 4380:tid 1828] [client ::1:55317] PHP Warning:  Undefined array key "updateTask" in C:\\xampp\\htdocs\\index.php on line 5, referer: http://localhost:3000/
[Tue Feb 23 21:54:19.986926 2021] [php:warn] [pid 4380:tid 1836] [client ::1:55333] PHP Warning:  Undefined array key "updateTask" in C:\\xampp\\htdocs\\index.php on line 5, referer: http://localhost:3000/
[Tue Feb 23 21:54:19.992926 2021] [php:warn] [pid 4380:tid 1836] [client ::1:55333] PHP Warning:  Undefined array key "updateTask" in C:\\xampp\\htdocs\\index.php on line 5, referer: http://localhost:3000/
[Tue Feb 23 21:55:00.902280 2021] [php:warn] [pid 4380:tid 1828] [client ::1:55359] PHP Warning:  Undefined array key "updateTask" in C:\\xampp\\htdocs\\index.php on line 5, referer: http://localhost:3000/
[Tue Feb 23 21:55:00.907279 2021] [php:warn] [pid 4380:tid 1828] [client ::1:55359] PHP Warning:  Undefined array key "updateTask" in C:\\xampp\\htdocs\\index.php on line 5, referer: http://localhost:3000/
[Tue Feb 23 21:55:14.743993 2021] [php:warn] [pid 4380:tid 1836] [client ::1:55381] PHP Warning:  Undefined array key "updateTask" in C:\\xampp\\htdocs\\index.php on line 5, referer: http://localhost:3000/
[Tue Feb 23 21:55:14.768994 2021] [php:warn] [pid 4380:tid 1836] [client ::1:55381] PHP Warning:  Undefined array key "updateTask" in C:\\xampp\\htdocs\\index.php on line 5, referer: http://localhost:3000/
[Tue Feb 23 21:56:36.782518 2021] [php:warn] [pid 4380:tid 1828] [client ::1:55512] PHP Warning:  Undefined array key "updateTask" in C:\\xampp\\htdocs\\index.php on line 5, referer: http://localhost:3000/
[Tue Feb 23 21:56:36.788762 2021] [php:warn] [pid 4380:tid 1828] [client ::1:55512] PHP Warning:  Undefined array key "updateTask" in C:\\xampp\\htdocs\\index.php on line 5, referer: http://localhost:3000/
[Tue Feb 23 21:57:00.999152 2021] [php:warn] [pid 4380:tid 1836] [client ::1:55514] PHP Warning:  Undefined array key "updateTask" in C:\\xampp\\htdocs\\index.php on line 5, referer: http://localhost:3000/
[Tue Feb 23 21:57:01.004153 2021] [php:warn] [pid 4380:tid 1836] [client ::1:55514] PHP Warning:  Undefined array key "updateTask" in C:\\xampp\\htdocs\\index.php on line 5, referer: http://localhost:3000/
[Tue Feb 23 21:57:16.250162 2021] [php:warn] [pid 4380:tid 1828] [client ::1:55530] PHP Warning:  Undefined array key "updateTask" in C:\\xampp\\htdocs\\index.php on line 6, referer: http://localhost:3000/
[Tue Feb 23 21:57:16.255163 2021] [php:warn] [pid 4380:tid 1828] [client ::1:55530] PHP Warning:  Undefined array key "updateTask" in C:\\xampp\\htdocs\\index.php on line 6, referer: http://localhost:3000/
[Tue Feb 23 21:57:30.469569 2021] [php:warn] [pid 4380:tid 1836] [client ::1:55549] PHP Warning:  Undefined array key "updateTask" in C:\\xampp\\htdocs\\index.php on line 6, referer: http://localhost:3000/
[Tue Feb 23 21:57:30.475569 2021] [php:warn] [pid 4380:tid 1836] [client ::1:55549] PHP Warning:  Undefined array key "updateTask" in C:\\xampp\\htdocs\\index.php on line 6, referer: http://localhost:3000/
[Tue Feb 23 21:57:40.439173 2021] [php:warn] [pid 4380:tid 1828] [client ::1:55560] PHP Warning:  Undefined array key "updateTask" in C:\\xampp\\htdocs\\index.php on line 6, referer: http://localhost:3000/
[Tue Feb 23 21:57:40.446174 2021] [php:warn] [pid 4380:tid 1828] [client ::1:55560] PHP Warning:  Undefined array key "updateTask" in C:\\xampp\\htdocs\\index.php on line 6, referer: http://localhost:3000/
[Tue Feb 23 21:58:55.214220 2021] [php:warn] [pid 4380:tid 1836] [client ::1:55674] PHP Warning:  Undefined array key "updateTask" in C:\\xampp\\htdocs\\index.php on line 6, referer: http://localhost:3000/
[Tue Feb 23 21:58:55.218220 2021] [php:warn] [pid 4380:tid 1836] [client ::1:55674] PHP Warning:  Undefined array key "updateTask" in C:\\xampp\\htdocs\\index.php on line 6, referer: http://localhost:3000/
[Tue Feb 23 21:59:54.826249 2021] [php:warn] [pid 4380:tid 1828] [client ::1:55675] PHP Warning:  Undefined array key "updateTask" in C:\\xampp\\htdocs\\index.php on line 6, referer: http://localhost:3000/
[Tue Feb 23 21:59:54.829252 2021] [php:warn] [pid 4380:tid 1828] [client ::1:55675] PHP Warning:  Undefined array key "updateTask" in C:\\xampp\\htdocs\\index.php on line 6, referer: http://localhost:3000/
[Tue Feb 23 22:00:14.201262 2021] [php:warn] [pid 4380:tid 1836] [client ::1:55751] PHP Warning:  Undefined array key "updateTask" in C:\\xampp\\htdocs\\index.php on line 6, referer: http://localhost:3000/
[Tue Feb 23 22:00:14.204262 2021] [php:warn] [pid 4380:tid 1836] [client ::1:55751] PHP Warning:  Undefined array key "updateTask" in C:\\xampp\\htdocs\\index.php on line 6, referer: http://localhost:3000/
[Tue Feb 23 22:03:19.209306 2021] [php:warn] [pid 4380:tid 1828] [client ::1:55923] PHP Warning:  Trying to access array offset on value of type null in C:\\xampp\\htdocs\\index.php on line 7, referer: http://localhost:3000/
[Tue Feb 23 22:03:19.213308 2021] [php:warn] [pid 4380:tid 1828] [client ::1:55923] PHP Warning:  Undefined array key "updateTask" in C:\\xampp\\htdocs\\index.php on line 7, referer: http://localhost:3000/
[Tue Feb 23 22:04:33.141969 2021] [php:warn] [pid 4380:tid 1836] [client ::1:55976] PHP Warning:  Trying to access array offset on value of type null in C:\\xampp\\htdocs\\index.php on line 7, referer: http://localhost:3000/
[Tue Feb 23 22:07:07.305210 2021] [php:warn] [pid 4380:tid 1828] [client ::1:56080] PHP Warning:  Trying to access array offset on value of type null in C:\\xampp\\htdocs\\index.php on line 4, referer: http://localhost:3000/
[Tue Feb 23 22:17:43.864854 2021] [php:error] [pid 4380:tid 1804] [client ::1:56486] PHP Parse error:  syntax error, unexpected variable "$data", expecting ")" in C:\\xampp\\htdocs\\index.php on line 26, referer: http://localhost:3000/
[Tue Feb 23 22:18:00.107881 2021] [php:error] [pid 4380:tid 1804] [client ::1:56500] PHP Parse error:  syntax error, unexpected variable "$data", expecting ")" in C:\\xampp\\htdocs\\index.php on line 26
[Tue Feb 23 22:18:30.757881 2021] [php:warn] [pid 4380:tid 1836] [client ::1:56501] PHP Warning:  Trying to access array offset on value of type null in C:\\xampp\\htdocs\\index.php on line 4
[Tue Feb 23 22:19:17.385907 2021] [php:warn] [pid 4380:tid 1804] [client ::1:56516] PHP Warning:  Undefined array key "updateTask" in C:\\xampp\\htdocs\\index.php on line 4
[Tue Feb 23 22:19:40.251856 2021] [php:warn] [pid 4380:tid 1836] [client ::1:56539] PHP Warning:  Trying to access array offset on value of type null in C:\\xampp\\htdocs\\index.php on line 4
[Tue Feb 23 22:22:04.107085 2021] [php:error] [pid 4380:tid 1804] [client ::1:56639] PHP Fatal error:  Uncaught ArgumentCountError: The number of elements in the type definition string must match the number of bind variables in C:\\xampp\\htdocs\\index.php:35\nStack trace:\n#0 C:\\xampp\\htdocs\\index.php(35): mysqli_stmt->bind_param('ssssssssssss', 2, '2021-02-14', '2021-02-16', '2021-02-16', 1, '\\xD0\\x9E\\xD1\\x82\\xD1\\x87\\xD0\\xB5\\xD1\\x822', '\\xD0\\x9E\\xD1\\x82\\xD1\\x87\\xD0\\xB5\\xD1\\x822 \\xD0\\xBD\\xD0...', 1, NULL, NULL, NULL)\n#1 {main}\n  thrown in C:\\xampp\\htdocs\\index.php on line 35, referer: http://localhost:3000/
[Tue Feb 23 22:22:38.595178 2021] [php:error] [pid 4380:tid 1828] [client ::1:56641] PHP Fatal error:  Uncaught Error: Call to a member function fetch_all() on bool in C:\\xampp\\htdocs\\index.php:42\nStack trace:\n#0 {main}\n  thrown in C:\\xampp\\htdocs\\index.php on line 42, referer: http://localhost:3000/
[Tue Feb 23 22:23:37.067883 2021] [php:error] [pid 4380:tid 1804] [client ::1:56660] PHP Fatal error:  Uncaught Error: Call to a member function free() on bool in C:\\xampp\\htdocs\\index.php:50\nStack trace:\n#0 {main}\n  thrown in C:\\xampp\\htdocs\\index.php on line 50, referer: http://localhost:3000/
[Tue Feb 23 23:45:41.173840 2021] [php:error] [pid 4380:tid 1836] [client ::1:59729] PHP Fatal error:  Uncaught ArgumentCountError: The number of variables must match the number of parameters in the prepared statement in C:\\xampp\\htdocs\\index.php:45\nStack trace:\n#0 C:\\xampp\\htdocs\\index.php(45): mysqli_stmt->bind_param('sssssssssss', 3, '2021-02-23', '2021-02-23', '2021-02-23', '2', 'bdfbfbg', 'fgbfbggb', '2', '', '', '')\n#1 {main}\n  thrown in C:\\xampp\\htdocs\\index.php on line 45, referer: http://localhost:3000/
[Tue Feb 23 23:45:50.659846 2021] [php:error] [pid 4380:tid 1828] [client ::1:59745] PHP Fatal error:  Uncaught ArgumentCountError: The number of elements in the type definition string must match the number of bind variables in C:\\xampp\\htdocs\\index.php:45\nStack trace:\n#0 C:\\xampp\\htdocs\\index.php(45): mysqli_stmt->bind_param('ssssssssss', 3, '2021-02-23', '2021-02-23', '2021-02-23', '2', 'bdfbfbg', 'fgbfbggb', '2', '', '', '')\n#1 {main}\n  thrown in C:\\xampp\\htdocs\\index.php on line 45, referer: http://localhost:3000/
[Wed Feb 24 09:14:12.780026 2021] [ssl:warn] [pid 3540:tid 500] AH01909: www.example.com:443:0 server certificate does NOT include an ID which matches the server name
[Wed Feb 24 09:14:12.889662 2021] [core:warn] [pid 3540:tid 500] AH00098: pid file C:/xampp/apache/logs/httpd.pid overwritten -- Unclean shutdown of previous Apache run?
[Wed Feb 24 09:14:12.905373 2021] [ssl:warn] [pid 3540:tid 500] AH01909: www.example.com:443:0 server certificate does NOT include an ID which matches the server name
[Wed Feb 24 09:14:13.400786 2021] [mpm_winnt:notice] [pid 3540:tid 500] AH00455: Apache/2.4.46 (Win64) OpenSSL/1.1.1h PHP/8.0.2 configured -- resuming normal operations
[Wed Feb 24 09:14:13.400786 2021] [mpm_winnt:notice] [pid 3540:tid 500] AH00456: Apache Lounge VS16 Server built: Oct  2 2020 11:45:39
[Wed Feb 24 09:14:13.400786 2021] [core:notice] [pid 3540:tid 500] AH00094: Command line: 'c:\\xampp\\apache\\bin\\httpd.exe -d C:/xampp/apache'
[Wed Feb 24 09:14:13.400786 2021] [mpm_winnt:notice] [pid 3540:tid 500] AH00418: Parent: Created child process 9512
[Wed Feb 24 09:14:14.189938 2021] [ssl:warn] [pid 9512:tid 568] AH01909: www.example.com:443:0 server certificate does NOT include an ID which matches the server name
[Wed Feb 24 09:14:14.314974 2021] [ssl:warn] [pid 9512:tid 568] AH01909: www.example.com:443:0 server certificate does NOT include an ID which matches the server name
[Wed Feb 24 09:14:14.393125 2021] [mpm_winnt:notice] [pid 9512:tid 568] AH00354: Child: Starting 150 worker threads.
[Wed Feb 24 16:45:13.134916 2021] [php:error] [pid 9512:tid 1832] [client ::1:56195] script 'C:/xampp/htdocs/test.php' not found or unable to stat
[Sun Feb 28 16:15:34.074946 2021] [ssl:warn] [pid 10936:tid 608] AH01909: www.example.com:443:0 server certificate does NOT include an ID which matches the server name
[Sun Feb 28 16:15:34.121836 2021] [core:warn] [pid 10936:tid 608] AH00098: pid file C:/xampp/apache/logs/httpd.pid overwritten -- Unclean shutdown of previous Apache run?
[Sun Feb 28 16:15:34.137467 2021] [ssl:warn] [pid 10936:tid 608] AH01909: www.example.com:443:0 server certificate does NOT include an ID which matches the server name
[Sun Feb 28 16:15:34.386114 2021] [mpm_winnt:notice] [pid 10936:tid 608] AH00455: Apache/2.4.46 (Win64) OpenSSL/1.1.1h PHP/8.0.2 configured -- resuming normal operations
[Sun Feb 28 16:15:34.386114 2021] [mpm_winnt:notice] [pid 10936:tid 608] AH00456: Apache Lounge VS16 Server built: Oct  2 2020 11:45:39
[Sun Feb 28 16:15:34.386114 2021] [core:notice] [pid 10936:tid 608] AH00094: Command line: 'apache\\bin\\httpd.exe -d C:/xampp/apache -f conf\\httpd.conf'
[Sun Feb 28 16:15:34.401744 2021] [mpm_winnt:notice] [pid 10936:tid 608] AH00418: Parent: Created child process 5860
Apache server shutdown initiated...
sl:warn] [pid 5860:tid 616] AH01909: www.example.com:443:0 server certificate does NOT include an ID which matches the server name
[Sun Feb 28 16:15:34.908591 2021] [ssl:warn] [pid 5860:tid 616] AH01909: www.example.com:443:0 server certificate does NOT include an ID which matches the server name
[Sun Feb 28 16:15:34.939850 2021] [mpm_winnt:notice] [pid 5860:tid 616] AH00354: Child: Starting 150 worker threads.
[Sun Feb 28 16:15:36.825235 2021] [mpm_winnt:notice] [pid 10936:tid 608] AH00422: Parent: Received shutdown signal -- Shutting down the server.
[Sun Feb 28 16:15:38.856366 2021] [mpm_winnt:notice] [pid 5860:tid 616] AH00364: Child: All worker threads have exited.
[Sun Feb 28 16:15:38.890610 2021] [mpm_winnt:notice] [pid 10936:tid 608] AH00430: Parent: Child process 5860 exited successfully.
[Sun Feb 28 16:15:46.414842 2021] [ssl:warn] [pid 3828:tid 580] AH01909: www.example.com:443:0 server certificate does NOT include an ID which matches the server name
[Sun Feb 28 16:15:46.477360 2021] [ssl:warn] [pid 3828:tid 580] AH01909: www.example.com:443:0 server certificate does NOT include an ID which matches the server name
[Sun Feb 28 16:15:46.492990 2021] [mpm_winnt:notice] [pid 3828:tid 580] AH00455: Apache/2.4.46 (Win64) OpenSSL/1.1.1h PHP/8.0.2 configured -- resuming normal operations
[Sun Feb 28 16:15:46.492990 2021] [mpm_winnt:notice] [pid 3828:tid 580] AH00456: Apache Lounge VS16 Server built: Oct  2 2020 11:45:39
[Sun Feb 28 16:15:46.492990 2021] [core:notice] [pid 3828:tid 580] AH00094: Command line: 'c:\\xampp\\apache\\bin\\httpd.exe -d C:/xampp/apache'
[Sun Feb 28 16:15:46.492990 2021] [mpm_winnt:notice] [pid 3828:tid 580] AH00418: Parent: Created child process 10624
[Sun Feb 28 16:15:46.802403 2021] [ssl:warn] [pid 10624:tid 604] AH01909: www.example.com:443:0 server certificate does NOT include an ID which matches the server name
[Sun Feb 28 16:15:46.849290 2021] [ssl:warn] [pid 10624:tid 604] AH01909: www.example.com:443:0 server certificate does NOT include an ID which matches the server name
[Sun Feb 28 16:15:46.864921 2021] [mpm_winnt:notice] [pid 10624:tid 604] AH00354: Child: Starting 150 worker threads.
[Sun Feb 28 16:15:52.988960 2021] [php:error] [pid 10624:tid 1836] [client ::1:52792] PHP Parse error:  syntax error, unexpected token "}", expecting "," or ";" in C:\\xampp\\htdocs\\index.php on line 6
[Sun Feb 28 16:34:36.180841 2021] [php:error] [pid 10624:tid 1836] [client ::1:53525] PHP Parse error:  syntax error, unexpected token "exit", expecting "," or ";" in C:\\xampp\\htdocs\\index.php on line 49, referer: http://localhost:3000/
[Sun Feb 28 16:34:36.187842 2021] [php:error] [pid 10624:tid 1836] [client ::1:53525] PHP Parse error:  syntax error, unexpected token "exit", expecting "," or ";" in C:\\xampp\\htdocs\\index.php on line 49, referer: http://localhost:3000/
[Sun Feb 28 20:56:31.089013 2021] [php:error] [pid 10624:tid 1836] [client ::1:58217] PHP Parse error:  syntax error, unexpected token "=", expecting "]" in C:\\xampp\\htdocs\\index.php on line 7, referer: http://localhost:3000/
[Sun Feb 28 20:56:31.094014 2021] [php:error] [pid 10624:tid 1836] [client ::1:58217] PHP Parse error:  syntax error, unexpected token "=", expecting "]" in C:\\xampp\\htdocs\\index.php on line 7, referer: http://localhost:3000/
[Sun Feb 28 20:56:31.098055 2021] [php:error] [pid 10624:tid 1824] [client ::1:58216] PHP Parse error:  syntax error, unexpected token "=", expecting "]" in C:\\xampp\\htdocs\\index.php on line 7, referer: http://localhost:3000/
[Sun Feb 28 20:56:31.102069 2021] [php:error] [pid 10624:tid 1836] [client ::1:58217] PHP Parse error:  syntax error, unexpected token "=", expecting "]" in C:\\xampp\\htdocs\\index.php on line 7, referer: http://localhost:3000/
[Sun Feb 28 20:57:39.761805 2021] [php:error] [pid 10624:tid 1820] [client ::1:58260] PHP Parse error:  syntax error, unexpected token "=", expecting "]" in C:\\xampp\\htdocs\\index.php on line 7, referer: http://localhost:3000/
[Sun Feb 28 20:57:39.766813 2021] [php:error] [pid 10624:tid 1836] [client ::1:58261] PHP Parse error:  syntax error, unexpected token "=", expecting "]" in C:\\xampp\\htdocs\\index.php on line 7, referer: http://localhost:3000/
[Sun Feb 28 20:57:39.766813 2021] [php:error] [pid 10624:tid 1820] [client ::1:58260] PHP Parse error:  syntax error, unexpected token "=", expecting "]" in C:\\xampp\\htdocs\\index.php on line 7, referer: http://localhost:3000/
[Sun Feb 28 20:59:12.305199 2021] [php:error] [pid 10624:tid 1820] [client ::1:58314] PHP Parse error:  syntax error, unexpected token "=", expecting "]" in C:\\xampp\\htdocs\\index.php on line 7, referer: http://localhost:3000/
[Sun Feb 28 20:59:12.306205 2021] [php:error] [pid 10624:tid 1836] [client ::1:58315] PHP Parse error:  syntax error, unexpected token "=", expecting "]" in C:\\xampp\\htdocs\\index.php on line 7, referer: http://localhost:3000/
[Sun Feb 28 20:59:12.310197 2021] [php:error] [pid 10624:tid 1820] [client ::1:58314] PHP Parse error:  syntax error, unexpected token "=", expecting "]" in C:\\xampp\\htdocs\\index.php on line 7, referer: http://localhost:3000/
[Sun Feb 28 20:59:12.311199 2021] [php:error] [pid 10624:tid 1824] [client ::1:58316] PHP Parse error:  syntax error, unexpected token "=", expecting "]" in C:\\xampp\\htdocs\\index.php on line 7, referer: http://localhost:3000/
[Mon Mar 01 09:07:24.863096 2021] [ssl:warn] [pid 8824:tid 600] AH01909: www.example.com:443:0 server certificate does NOT include an ID which matches the server name
[Mon Mar 01 09:07:24.956876 2021] [core:warn] [pid 8824:tid 600] AH00098: pid file C:/xampp/apache/logs/httpd.pid overwritten -- Unclean shutdown of previous Apache run?
[Mon Mar 01 09:07:24.972505 2021] [ssl:warn] [pid 8824:tid 600] AH01909: www.example.com:443:0 server certificate does NOT include an ID which matches the server name
[Mon Mar 01 09:07:25.383065 2021] [mpm_winnt:notice] [pid 8824:tid 600] AH00455: Apache/2.4.46 (Win64) OpenSSL/1.1.1h PHP/8.0.2 configured -- resuming normal operations
[Mon Mar 01 09:07:25.383065 2021] [mpm_winnt:notice] [pid 8824:tid 600] AH00456: Apache Lounge VS16 Server built: Oct  2 2020 11:45:39
[Mon Mar 01 09:07:25.383065 2021] [core:notice] [pid 8824:tid 600] AH00094: Command line: 'c:\\xampp\\apache\\bin\\httpd.exe -d C:/xampp/apache'
[Mon Mar 01 09:07:25.398675 2021] [mpm_winnt:notice] [pid 8824:tid 600] AH00418: Parent: Created child process 4412
[Mon Mar 01 09:07:25.946397 2021] [ssl:warn] [pid 4412:tid 624] AH01909: www.example.com:443:0 server certificate does NOT include an ID which matches the server name
[Mon Mar 01 09:07:26.079345 2021] [ssl:warn] [pid 4412:tid 624] AH01909: www.example.com:443:0 server certificate does NOT include an ID which matches the server name
[Mon Mar 01 09:07:26.137113 2021] [mpm_winnt:notice] [pid 4412:tid 624] AH00354: Child: Starting 150 worker threads.
[Tue Mar 02 14:44:58.243169 2021] [ssl:warn] [pid 7536:tid 592] AH01909: www.example.com:443:0 server certificate does NOT include an ID which matches the server name
[Tue Mar 02 14:44:58.352377 2021] [core:warn] [pid 7536:tid 592] AH00098: pid file C:/xampp/apache/logs/httpd.pid overwritten -- Unclean shutdown of previous Apache run?
[Tue Mar 02 14:44:58.368003 2021] [ssl:warn] [pid 7536:tid 592] AH01909: www.example.com:443:0 server certificate does NOT include an ID which matches the server name
[Tue Mar 02 14:44:58.790009 2021] [mpm_winnt:notice] [pid 7536:tid 592] AH00455: Apache/2.4.46 (Win64) OpenSSL/1.1.1h PHP/8.0.2 configured -- resuming normal operations
[Tue Mar 02 14:44:58.790009 2021] [mpm_winnt:notice] [pid 7536:tid 592] AH00456: Apache Lounge VS16 Server built: Oct  2 2020 11:45:39
[Tue Mar 02 14:44:58.790009 2021] [core:notice] [pid 7536:tid 592] AH00094: Command line: 'c:\\xampp\\apache\\bin\\httpd.exe -d C:/xampp/apache'
[Tue Mar 02 14:44:58.790009 2021] [mpm_winnt:notice] [pid 7536:tid 592] AH00418: Parent: Created child process 3268
[Tue Mar 02 14:44:59.352286 2021] [ssl:warn] [pid 3268:tid 640] AH01909: www.example.com:443:0 server certificate does NOT include an ID which matches the server name
[Tue Mar 02 14:44:59.446093 2021] [ssl:warn] [pid 3268:tid 640] AH01909: www.example.com:443:0 server certificate does NOT include an ID which matches the server name
[Tue Mar 02 14:44:59.508607 2021] [mpm_winnt:notice] [pid 3268:tid 640] AH00354: Child: Starting 150 worker threads.
[Wed Mar 03 14:07:46.447051 2021] [php:error] [pid 3268:tid 1832] [client ::1:50695] PHP Parse error:  syntax error, unexpected token "exit", expecting "," or ";" in C:\\xampp\\htdocs\\index.php on line 55, referer: http://localhost:3000/
[Wed Mar 03 14:07:46.453055 2021] [php:error] [pid 3268:tid 1832] [client ::1:50695] PHP Parse error:  syntax error, unexpected token "exit", expecting "," or ";" in C:\\xampp\\htdocs\\index.php on line 55, referer: http://localhost:3000/
[Wed Mar 03 20:50:18.006780 2021] [ssl:warn] [pid 8540:tid 628] AH01909: www.example.com:443:0 server certificate does NOT include an ID which matches the server name
[Wed Mar 03 20:50:18.064783 2021] [core:warn] [pid 8540:tid 628] AH00098: pid file C:/xampp/apache/logs/httpd.pid overwritten -- Unclean shutdown of previous Apache run?
[Wed Mar 03 20:50:18.074786 2021] [ssl:warn] [pid 8540:tid 628] AH01909: www.example.com:443:0 server certificate does NOT include an ID which matches the server name
[Wed Mar 03 20:50:18.337123 2021] [mpm_winnt:notice] [pid 8540:tid 628] AH00455: Apache/2.4.46 (Win64) OpenSSL/1.1.1h PHP/8.0.2 configured -- resuming normal operations
[Wed Mar 03 20:50:18.337123 2021] [mpm_winnt:notice] [pid 8540:tid 628] AH00456: Apache Lounge VS16 Server built: Oct  2 2020 11:45:39
[Wed Mar 03 20:50:18.337123 2021] [core:notice] [pid 8540:tid 628] AH00094: Command line: 'c:\\xampp\\apache\\bin\\httpd.exe -d C:/xampp/apache'
[Wed Mar 03 20:50:18.342127 2021] [mpm_winnt:notice] [pid 8540:tid 628] AH00418: Parent: Created child process 13136
[Wed Mar 03 20:50:18.683155 2021] [ssl:warn] [pid 13136:tid 608] AH01909: www.example.com:443:0 server certificate does NOT include an ID which matches the server name
[Wed Mar 03 20:50:18.738213 2021] [ssl:warn] [pid 13136:tid 608] AH01909: www.example.com:443:0 server certificate does NOT include an ID which matches the server name
[Wed Mar 03 20:50:18.769470 2021] [mpm_winnt:notice] [pid 13136:tid 608] AH00354: Child: Starting 150 worker threads.
[Wed Mar 03 20:54:06.352954 2021] [ssl:warn] [pid 1420:tid 508] AH01909: www.example.com:443:0 server certificate does NOT include an ID which matches the server name
[Wed Mar 03 20:54:06.399844 2021] [core:warn] [pid 1420:tid 508] AH00098: pid file C:/xampp/apache/logs/httpd.pid overwritten -- Unclean shutdown of previous Apache run?
[Wed Mar 03 20:54:06.415473 2021] [ssl:warn] [pid 1420:tid 508] AH01909: www.example.com:443:0 server certificate does NOT include an ID which matches the server name
[Wed Mar 03 20:54:06.681179 2021] [mpm_winnt:notice] [pid 1420:tid 508] AH00455: Apache/2.4.46 (Win64) OpenSSL/1.1.1h PHP/8.0.2 configured -- resuming normal operations
[Wed Mar 03 20:54:06.681179 2021] [mpm_winnt:notice] [pid 1420:tid 508] AH00456: Apache Lounge VS16 Server built: Oct  2 2020 11:45:39
[Wed Mar 03 20:54:06.681179 2021] [core:notice] [pid 1420:tid 508] AH00094: Command line: 'c:\\xampp\\apache\\bin\\httpd.exe -d C:/xampp/apache'
[Wed Mar 03 20:54:06.681179 2021] [mpm_winnt:notice] [pid 1420:tid 508] AH00418: Parent: Created child process 2836
[Wed Mar 03 20:54:07.014936 2021] [ssl:warn] [pid 2836:tid 628] AH01909: www.example.com:443:0 server certificate does NOT include an ID which matches the server name
[Wed Mar 03 20:54:07.061830 2021] [ssl:warn] [pid 2836:tid 628] AH01909: www.example.com:443:0 server certificate does NOT include an ID which matches the server name
[Wed Mar 03 20:54:07.093085 2021] [mpm_winnt:notice] [pid 2836:tid 628] AH00354: Child: Starting 150 worker threads.
[Wed Mar 03 23:02:41.987467 2021] [php:error] [pid 2836:tid 1816] [client ::1:53595] PHP Fatal error:  Cannot use empty array elements in arrays in C:\\xampp\\htdocs\\index.php on line 16, referer: http://localhost:3000/
[Wed Mar 03 23:02:41.988468 2021] [php:error] [pid 2836:tid 1832] [client ::1:53596] PHP Fatal error:  Cannot use empty array elements in arrays in C:\\xampp\\htdocs\\index.php on line 16, referer: http://localhost:3000/
[Wed Mar 03 23:02:41.994467 2021] [php:error] [pid 2836:tid 1832] [client ::1:53596] PHP Fatal error:  Cannot use empty array elements in arrays in C:\\xampp\\htdocs\\index.php on line 16, referer: http://localhost:3000/
[Wed Mar 03 23:02:41.994467 2021] [php:error] [pid 2836:tid 1816] [client ::1:53595] PHP Fatal error:  Cannot use empty array elements in arrays in C:\\xampp\\htdocs\\index.php on line 16, referer: http://localhost:3000/
[Wed Mar 03 23:02:58.655231 2021] [php:error] [pid 2836:tid 1808] [client ::1:53598] PHP Fatal error:  Cannot use empty array elements in arrays in C:\\xampp\\htdocs\\index.php on line 16, referer: http://localhost:3000/
[Wed Mar 03 23:02:58.655231 2021] [php:error] [pid 2836:tid 1824] [client ::1:53597] PHP Fatal error:  Cannot use empty array elements in arrays in C:\\xampp\\htdocs\\index.php on line 16, referer: http://localhost:3000/
[Wed Mar 03 23:02:58.661231 2021] [php:error] [pid 2836:tid 1808] [client ::1:53598] PHP Fatal error:  Cannot use empty array elements in arrays in C:\\xampp\\htdocs\\index.php on line 16, referer: http://localhost:3000/
[Wed Mar 03 23:02:58.661231 2021] [php:error] [pid 2836:tid 1824] [client ::1:53597] PHP Fatal error:  Cannot use empty array elements in arrays in C:\\xampp\\htdocs\\index.php on line 16, referer: http://localhost:3000/
[Wed Mar 03 23:03:00.232412 2021] [php:error] [pid 2836:tid 1824] [client ::1:53597] PHP Fatal error:  Cannot use empty array elements in arrays in C:\\xampp\\htdocs\\index.php on line 16, referer: http://localhost:3000/
[Wed Mar 03 23:03:00.233411 2021] [php:error] [pid 2836:tid 1808] [client ::1:53598] PHP Fatal error:  Cannot use empty array elements in arrays in C:\\xampp\\htdocs\\index.php on line 16, referer: http://localhost:3000/
[Mon Mar 08 16:58:56.367355 2021] [core:error] [pid 2836:tid 1808] [client ::1:53199] AH00124: Request exceeded the limit of 10 internal redirects due to probable configuration error. Use 'LimitInternalRecursion' to increase the limit if necessary. Use 'LogLevel debug' to get a backtrace.
[Mon Mar 08 16:59:02.975710 2021] [core:error] [pid 2836:tid 1824] [client ::1:53223] AH00124: Request exceeded the limit of 10 internal redirects due to probable configuration error. Use 'LimitInternalRecursion' to increase the limit if necessary. Use 'LogLevel debug' to get a backtrace.
[Mon Mar 08 17:00:29.675432 2021] [core:error] [pid 2836:tid 1816] [client ::1:53266] AH00124: Request exceeded the limit of 10 internal redirects due to probable configuration error. Use 'LimitInternalRecursion' to increase the limit if necessary. Use 'LogLevel debug' to get a backtrace.
[Mon Mar 08 17:00:30.897776 2021] [core:error] [pid 2836:tid 1808] [client ::1:53281] AH00124: Request exceeded the limit of 10 internal redirects due to probable configuration error. Use 'LimitInternalRecursion' to increase the limit if necessary. Use 'LogLevel debug' to get a backtrace.
[Mon Mar 08 17:00:53.875862 2021] [core:error] [pid 2836:tid 1816] [client ::1:53296] AH00124: Request exceeded the limit of 10 internal redirects due to probable configuration error. Use 'LimitInternalRecursion' to increase the limit if necessary. Use 'LogLevel debug' to get a backtrace.
[Mon Mar 08 17:00:54.639794 2021] [core:error] [pid 2836:tid 1808] [client ::1:53297] AH00124: Request exceeded the limit of 10 internal redirects due to probable configuration error. Use 'LimitInternalRecursion' to increase the limit if necessary. Use 'LogLevel debug' to get a backtrace.
[Mon Mar 08 17:00:55.361794 2021] [core:error] [pid 2836:tid 1816] [client ::1:53298] AH00124: Request exceeded the limit of 10 internal redirects due to probable configuration error. Use 'LimitInternalRecursion' to increase the limit if necessary. Use 'LogLevel debug' to get a backtrace.
[Mon Mar 08 17:01:03.350798 2021] [core:error] [pid 2836:tid 1808] [client ::1:53305] AH00124: Request exceeded the limit of 10 internal redirects due to probable configuration error. Use 'LimitInternalRecursion' to increase the limit if necessary. Use 'LogLevel debug' to get a backtrace.
[Mon Mar 08 17:01:56.831308 2021] [core:error] [pid 2836:tid 1816] [client ::1:53340] AH00124: Request exceeded the limit of 10 internal redirects due to probable configuration error. Use 'LimitInternalRecursion' to increase the limit if necessary. Use 'LogLevel debug' to get a backtrace.
[Mon Mar 08 17:02:20.509905 2021] [core:error] [pid 2836:tid 1808] [client ::1:53355] AH00124: Request exceeded the limit of 10 internal redirects due to probable configuration error. Use 'LimitInternalRecursion' to increase the limit if necessary. Use 'LogLevel debug' to get a backtrace.
[Mon Mar 08 17:02:21.243070 2021] [core:error] [pid 2836:tid 1816] [client ::1:53356] AH00124: Request exceeded the limit of 10 internal redirects due to probable configuration error. Use 'LimitInternalRecursion' to increase the limit if necessary. Use 'LogLevel debug' to get a backtrace.
[Mon Mar 08 17:02:21.874853 2021] [core:error] [pid 2836:tid 1808] [client ::1:53358] AH00124: Request exceeded the limit of 10 internal redirects due to probable configuration error. Use 'LimitInternalRecursion' to increase the limit if necessary. Use 'LogLevel debug' to get a backtrace.
[Mon Mar 08 17:02:22.827856 2021] [core:error] [pid 2836:tid 1816] [client ::1:53359] AH00124: Request exceeded the limit of 10 internal redirects due to probable configuration error. Use 'LimitInternalRecursion' to increase the limit if necessary. Use 'LogLevel debug' to get a backtrace.
[Mon Mar 08 17:03:31.402368 2021] [core:error] [pid 2836:tid 1816] [client ::1:53392] AH00124: Request exceeded the limit of 10 internal redirects due to probable configuration error. Use 'LimitInternalRecursion' to increase the limit if necessary. Use 'LogLevel debug' to get a backtrace.
[Mon Mar 08 17:03:42.040914 2021] [core:error] [pid 2836:tid 1824] [client ::1:53410] AH00124: Request exceeded the limit of 10 internal redirects due to probable configuration error. Use 'LimitInternalRecursion' to increase the limit if necessary. Use 'LogLevel debug' to get a backtrace.
[Mon Mar 08 17:03:42.617913 2021] [core:error] [pid 2836:tid 1816] [client ::1:53411] AH00124: Request exceeded the limit of 10 internal redirects due to probable configuration error. Use 'LimitInternalRecursion' to increase the limit if necessary. Use 'LogLevel debug' to get a backtrace.
[Wed Mar 10 17:34:43.356090 2021] [php:warn] [pid 2836:tid 1796] [client ::1:61298] PHP Warning:  Missing boundary in multipart/form-data POST data in Unknown on line 0, referer: http://localhost:3000/
[Wed Mar 10 17:34:45.068379 2021] [php:warn] [pid 2836:tid 1796] [client ::1:61298] PHP Warning:  Missing boundary in multipart/form-data POST data in Unknown on line 0, referer: http://localhost:3000/
[Wed Mar 10 18:25:19.309453 2021] [php:warn] [pid 2836:tid 1808] [client ::1:63867] PHP Warning:  Missing boundary in multipart/form-data POST data in Unknown on line 0, referer: http://localhost:3000/
[Wed Mar 10 18:25:20.398247 2021] [php:warn] [pid 2836:tid 1808] [client ::1:63867] PHP Warning:  Missing boundary in multipart/form-data POST data in Unknown on line 0, referer: http://localhost:3000/
[Wed Mar 10 18:25:28.191726 2021] [php:warn] [pid 2836:tid 1808] [client ::1:63883] PHP Warning:  Missing boundary in multipart/form-data POST data in Unknown on line 0, referer: http://localhost:3000/
[Wed Mar 10 18:25:28.191726 2021] [php:warn] [pid 2836:tid 1832] [client ::1:63884] PHP Warning:  Missing boundary in multipart/form-data POST data in Unknown on line 0, referer: http://localhost:3000/
[Wed Mar 10 18:26:45.472327 2021] [php:warn] [pid 2836:tid 1832] [client ::1:63964] PHP Warning:  Missing boundary in multipart/form-data POST data in Unknown on line 0, referer: http://localhost:3000/
[Wed Mar 10 18:26:45.473328 2021] [php:warn] [pid 2836:tid 1808] [client ::1:63965] PHP Warning:  Missing boundary in multipart/form-data POST data in Unknown on line 0, referer: http://localhost:3000/
[Wed Mar 10 18:27:29.247365 2021] [php:warn] [pid 2836:tid 1808] [client ::1:64010] PHP Warning:  Missing boundary in multipart/form-data POST data in Unknown on line 0, referer: http://localhost:3000/
[Wed Mar 10 18:27:29.248364 2021] [php:warn] [pid 2836:tid 1832] [client ::1:64011] PHP Warning:  Missing boundary in multipart/form-data POST data in Unknown on line 0, referer: http://localhost:3000/
[Wed Mar 10 18:39:14.066474 2021] [php:warn] [pid 2836:tid 1816] [client ::1:64682] PHP Warning:  Missing boundary in multipart/form-data POST data in Unknown on line 0, referer: http://localhost:3000/
[Wed Mar 10 18:50:29.240338 2021] [php:warn] [pid 2836:tid 1816] [client ::1:65219] PHP Warning:  Missing boundary in multipart/form-data POST data in Unknown on line 0, referer: http://localhost:3000/
[Wed Mar 10 19:28:34.396980 2021] [php:warn] [pid 2836:tid 1808] [client ::1:50447] PHP Warning:  Missing boundary in multipart/form-data POST data in Unknown on line 0, referer: http://localhost:3000/
[Wed Mar 10 19:37:41.812306 2021] [php:warn] [pid 2836:tid 1808] [client ::1:50821] PHP Warning:  Missing boundary in multipart/form-data POST data in Unknown on line 0, referer: http://localhost:3000/
[Thu Mar 11 12:22:56.806784 2021] [php:error] [pid 2836:tid 1804] [client ::1:53158] PHP Fatal error:  Uncaught TypeError: json_decode(): Argument #1 ($json) must be of type string, array given in C:\\xampp\\htdocs\\index.php:644\nStack trace:\n#0 C:\\xampp\\htdocs\\index.php(644): json_decode(Array)\n#1 {main}\n  thrown in C:\\xampp\\htdocs\\index.php on line 644, referer: http://localhost:3000/
[Sun Mar 14 17:11:05.474613 2021] [ssl:warn] [pid 504:tid 568] AH01909: www.example.com:443:0 server certificate does NOT include an ID which matches the server name
[Sun Mar 14 17:11:05.602614 2021] [core:warn] [pid 504:tid 568] AH00098: pid file C:/xampp/apache/logs/httpd.pid overwritten -- Unclean shutdown of previous Apache run?
[Sun Mar 14 17:11:05.610625 2021] [ssl:warn] [pid 504:tid 568] AH01909: www.example.com:443:0 server certificate does NOT include an ID which matches the server name
[Sun Mar 14 17:11:06.120487 2021] [mpm_winnt:notice] [pid 504:tid 568] AH00455: Apache/2.4.46 (Win64) OpenSSL/1.1.1h PHP/8.0.2 configured -- resuming normal operations
[Sun Mar 14 17:11:06.120487 2021] [mpm_winnt:notice] [pid 504:tid 568] AH00456: Apache Lounge VS16 Server built: Oct  2 2020 11:45:39
[Sun Mar 14 17:11:06.120487 2021] [core:notice] [pid 504:tid 568] AH00094: Command line: 'c:\\xampp\\apache\\bin\\httpd.exe -d C:/xampp/apache'
[Sun Mar 14 17:11:06.128510 2021] [mpm_winnt:notice] [pid 504:tid 568] AH00418: Parent: Created child process 10712
[Sun Mar 14 17:11:06.792203 2021] [ssl:warn] [pid 10712:tid 620] AH01909: www.example.com:443:0 server certificate does NOT include an ID which matches the server name
[Sun Mar 14 17:11:06.914588 2021] [ssl:warn] [pid 10712:tid 620] AH01909: www.example.com:443:0 server certificate does NOT include an ID which matches the server name
[Sun Mar 14 17:11:06.962339 2021] [mpm_winnt:notice] [pid 10712:tid 620] AH00354: Child: Starting 150 worker threads.
[Mon Mar 15 08:27:29.028969 2021] [ssl:warn] [pid 1964:tid 600] AH01909: www.example.com:443:0 server certificate does NOT include an ID which matches the server name
[Mon Mar 15 08:27:29.086975 2021] [core:warn] [pid 1964:tid 600] AH00098: pid file C:/xampp/apache/logs/httpd.pid overwritten -- Unclean shutdown of previous Apache run?
[Mon Mar 15 08:27:29.096977 2021] [ssl:warn] [pid 1964:tid 600] AH01909: www.example.com:443:0 server certificate does NOT include an ID which matches the server name
[Mon Mar 15 08:27:29.372128 2021] [mpm_winnt:notice] [pid 1964:tid 600] AH00455: Apache/2.4.46 (Win64) OpenSSL/1.1.1h PHP/8.0.2 configured -- resuming normal operations
[Mon Mar 15 08:27:29.372128 2021] [mpm_winnt:notice] [pid 1964:tid 600] AH00456: Apache Lounge VS16 Server built: Oct  2 2020 11:45:39
[Mon Mar 15 08:27:29.372128 2021] [core:notice] [pid 1964:tid 600] AH00094: Command line: 'c:\\xampp\\apache\\bin\\httpd.exe -d C:/xampp/apache'
[Mon Mar 15 08:27:29.376129 2021] [mpm_winnt:notice] [pid 1964:tid 600] AH00418: Parent: Created child process 11908
[Mon Mar 15 08:27:29.720589 2021] [ssl:warn] [pid 11908:tid 628] AH01909: www.example.com:443:0 server certificate does NOT include an ID which matches the server name
[Mon Mar 15 08:27:29.778593 2021] [ssl:warn] [pid 11908:tid 628] AH01909: www.example.com:443:0 server certificate does NOT include an ID which matches the server name
[Mon Mar 15 08:27:29.808596 2021] [mpm_winnt:notice] [pid 11908:tid 628] AH00354: Child: Starting 150 worker threads.
[Fri Mar 19 17:38:05.785383 2021] [ssl:warn] [pid 3840:tid 588] AH01909: www.example.com:443:0 server certificate does NOT include an ID which matches the server name
[Fri Mar 19 17:38:05.842387 2021] [core:warn] [pid 3840:tid 588] AH00098: pid file C:/xampp/apache/logs/httpd.pid overwritten -- Unclean shutdown of previous Apache run?
[Fri Mar 19 17:38:05.851387 2021] [ssl:warn] [pid 3840:tid 588] AH01909: www.example.com:443:0 server certificate does NOT include an ID which matches the server name
[Fri Mar 19 17:38:06.169827 2021] [mpm_winnt:notice] [pid 3840:tid 588] AH00455: Apache/2.4.46 (Win64) OpenSSL/1.1.1h PHP/8.0.2 configured -- resuming normal operations
[Fri Mar 19 17:38:06.169827 2021] [mpm_winnt:notice] [pid 3840:tid 588] AH00456: Apache Lounge VS16 Server built: Oct  2 2020 11:45:39
[Fri Mar 19 17:38:06.169827 2021] [core:notice] [pid 3840:tid 588] AH00094: Command line: 'c:\\xampp\\apache\\bin\\httpd.exe -d C:/xampp/apache'
[Fri Mar 19 17:38:06.172829 2021] [mpm_winnt:notice] [pid 3840:tid 588] AH00418: Parent: Created child process 7044
[Fri Mar 19 17:38:06.539287 2021] [ssl:warn] [pid 7044:tid 588] AH01909: www.example.com:443:0 server certificate does NOT include an ID which matches the server name
[Fri Mar 19 17:38:06.590290 2021] [ssl:warn] [pid 7044:tid 588] AH01909: www.example.com:443:0 server certificate does NOT include an ID which matches the server name
[Fri Mar 19 17:38:06.621293 2021] [mpm_winnt:notice] [pid 7044:tid 588] AH00354: Child: Starting 150 worker threads.
[Tue Apr 06 23:23:22.898910 2021] [ssl:warn] [pid 4308:tid 556] AH01909: www.example.com:443:0 server certificate does NOT include an ID which matches the server name
[Tue Apr 06 23:23:22.992685 2021] [core:warn] [pid 4308:tid 556] AH00098: pid file C:/xampp/apache/logs/httpd.pid overwritten -- Unclean shutdown of previous Apache run?
[Tue Apr 06 23:23:23.008306 2021] [ssl:warn] [pid 4308:tid 556] AH01909: www.example.com:443:0 server certificate does NOT include an ID which matches the server name
[Tue Apr 06 23:23:23.696006 2021] [mpm_winnt:notice] [pid 4308:tid 556] AH00455: Apache/2.4.46 (Win64) OpenSSL/1.1.1h PHP/8.0.2 configured -- resuming normal operations
[Tue Apr 06 23:23:23.696006 2021] [mpm_winnt:notice] [pid 4308:tid 556] AH00456: Apache Lounge VS16 Server built: Oct  2 2020 11:45:39
[Tue Apr 06 23:23:23.696006 2021] [core:notice] [pid 4308:tid 556] AH00094: Command line: 'c:\\xampp\\apache\\bin\\httpd.exe -d C:/xampp/apache'
[Tue Apr 06 23:23:23.696006 2021] [mpm_winnt:notice] [pid 4308:tid 556] AH00418: Parent: Created child process 12756
[Tue Apr 06 23:23:24.302033 2021] [ssl:warn] [pid 12756:tid 592] AH01909: www.example.com:443:0 server certificate does NOT include an ID which matches the server name
[Tue Apr 06 23:23:24.395822 2021] [ssl:warn] [pid 12756:tid 592] AH01909: www.example.com:443:0 server certificate does NOT include an ID which matches the server name
[Tue Apr 06 23:23:24.458334 2021] [mpm_winnt:notice] [pid 12756:tid 592] AH00354: Child: Starting 150 worker threads.
[Wed Apr 07 11:21:17.385729 2021] [ssl:warn] [pid 1712:tid 500] AH01909: www.example.com:443:0 server certificate does NOT include an ID which matches the server name
[Wed Apr 07 11:21:17.493050 2021] [core:warn] [pid 1712:tid 500] AH00098: pid file C:/xampp/apache/logs/httpd.pid overwritten -- Unclean shutdown of previous Apache run?
[Wed Apr 07 11:21:17.508676 2021] [ssl:warn] [pid 1712:tid 500] AH01909: www.example.com:443:0 server certificate does NOT include an ID which matches the server name
[Wed Apr 07 11:21:18.071184 2021] [mpm_winnt:notice] [pid 1712:tid 500] AH00455: Apache/2.4.46 (Win64) OpenSSL/1.1.1h PHP/8.0.2 configured -- resuming normal operations
[Wed Apr 07 11:21:18.071184 2021] [mpm_winnt:notice] [pid 1712:tid 500] AH00456: Apache Lounge VS16 Server built: Oct  2 2020 11:45:39
[Wed Apr 07 11:21:18.071184 2021] [core:notice] [pid 1712:tid 500] AH00094: Command line: 'c:\\xampp\\apache\\bin\\httpd.exe -d C:/xampp/apache'
[Wed Apr 07 11:21:18.071184 2021] [mpm_winnt:notice] [pid 1712:tid 500] AH00418: Parent: Created child process 9484
[Wed Apr 07 11:21:18.703355 2021] [ssl:warn] [pid 9484:tid 592] AH01909: www.example.com:443:0 server certificate does NOT include an ID which matches the server name
[Wed Apr 07 11:21:18.832362 2021] [ssl:warn] [pid 9484:tid 592] AH01909: www.example.com:443:0 server certificate does NOT include an ID which matches the server name
[Wed Apr 07 11:21:18.894039 2021] [mpm_winnt:notice] [pid 9484:tid 592] AH00354: Child: Starting 150 worker threads.
[Fri Apr 09 14:16:33.650674 2021] [ssl:warn] [pid 12404:tid 580] AH01909: www.example.com:443:0 server certificate does NOT include an ID which matches the server name
[Fri Apr 09 14:16:33.754695 2021] [core:warn] [pid 12404:tid 580] AH00098: pid file C:/xampp/apache/logs/httpd.pid overwritten -- Unclean shutdown of previous Apache run?
[Fri Apr 09 14:16:33.770991 2021] [ssl:warn] [pid 12404:tid 580] AH01909: www.example.com:443:0 server certificate does NOT include an ID which matches the server name
[Fri Apr 09 14:16:34.358101 2021] [mpm_winnt:notice] [pid 12404:tid 580] AH00455: Apache/2.4.46 (Win64) OpenSSL/1.1.1h PHP/8.0.2 configured -- resuming normal operations
[Fri Apr 09 14:16:34.358101 2021] [mpm_winnt:notice] [pid 12404:tid 580] AH00456: Apache Lounge VS16 Server built: Oct  2 2020 11:45:39
[Fri Apr 09 14:16:34.358101 2021] [core:notice] [pid 12404:tid 580] AH00094: Command line: 'c:\\xampp\\apache\\bin\\httpd.exe -d C:/xampp/apache'
[Fri Apr 09 14:16:34.366124 2021] [mpm_winnt:notice] [pid 12404:tid 580] AH00418: Parent: Created child process 7336
[Fri Apr 09 14:16:35.157378 2021] [ssl:warn] [pid 7336:tid 588] AH01909: www.example.com:443:0 server certificate does NOT include an ID which matches the server name
[Fri Apr 09 14:16:35.277404 2021] [ssl:warn] [pid 7336:tid 588] AH01909: www.example.com:443:0 server certificate does NOT include an ID which matches the server name
[Fri Apr 09 14:16:35.369586 2021] [mpm_winnt:notice] [pid 7336:tid 588] AH00354: Child: Starting 150 worker threads.
[Mon Apr 12 12:21:25.130359 2021] [php:error] [pid 7336:tid 1796] [client ::1:50663] PHP Fatal error:  Uncaught TypeError: Unsupported operand types: string + string in C:\\xampp\\htdocs\\index.php:113\nStack trace:\n#0 {main}\n  thrown in C:\\xampp\\htdocs\\index.php on line 113, referer: http://localhost:3000/
[Mon Apr 12 12:21:41.536770 2021] [php:error] [pid 7336:tid 1796] [client ::1:50682] PHP Fatal error:  Uncaught TypeError: Unsupported operand types: string + string in C:\\xampp\\htdocs\\index.php:113\nStack trace:\n#0 {main}\n  thrown in C:\\xampp\\htdocs\\index.php on line 113, referer: http://localhost:3000/
[Mon Apr 12 12:21:48.276925 2021] [php:error] [pid 7336:tid 1824] [client ::1:50696] PHP Fatal error:  Uncaught TypeError: Unsupported operand types: string + string in C:\\xampp\\htdocs\\index.php:113\nStack trace:\n#0 {main}\n  thrown in C:\\xampp\\htdocs\\index.php on line 113, referer: http://localhost:3000/
[Wed Apr 14 09:45:02.262337 2021] [ssl:warn] [pid 12184:tid 568] AH01909: www.example.com:443:0 server certificate does NOT include an ID which matches the server name
[Wed Apr 14 09:45:02.340462 2021] [core:warn] [pid 12184:tid 568] AH00098: pid file C:/xampp/apache/logs/httpd.pid overwritten -- Unclean shutdown of previous Apache run?
[Wed Apr 14 09:45:02.340462 2021] [ssl:warn] [pid 12184:tid 568] AH01909: www.example.com:443:0 server certificate does NOT include an ID which matches the server name
[Wed Apr 14 09:45:02.871670 2021] [mpm_winnt:notice] [pid 12184:tid 568] AH00455: Apache/2.4.46 (Win64) OpenSSL/1.1.1h PHP/8.0.2 configured -- resuming normal operations
[Wed Apr 14 09:45:02.871670 2021] [mpm_winnt:notice] [pid 12184:tid 568] AH00456: Apache Lounge VS16 Server built: Oct  2 2020 11:45:39
[Wed Apr 14 09:45:02.871670 2021] [core:notice] [pid 12184:tid 568] AH00094: Command line: 'c:\\xampp\\apache\\bin\\httpd.exe -d C:/xampp/apache'
[Wed Apr 14 09:45:02.887312 2021] [mpm_winnt:notice] [pid 12184:tid 568] AH00418: Parent: Created child process 14572
[Wed Apr 14 09:45:03.546672 2021] [ssl:warn] [pid 14572:tid 580] AH01909: www.example.com:443:0 server certificate does NOT include an ID which matches the server name
[Wed Apr 14 09:45:03.625004 2021] [ssl:warn] [pid 14572:tid 580] AH01909: www.example.com:443:0 server certificate does NOT include an ID which matches the server name
[Wed Apr 14 09:45:03.671677 2021] [mpm_winnt:notice] [pid 14572:tid 580] AH00354: Child: Starting 150 worker threads.
[Sat Aug 28 11:18:17.505808 2021] [ssl:warn] [pid 7804:tid 520] AH01909: www.example.com:443:0 server certificate does NOT include an ID which matches the server name
[Sat Aug 28 11:18:17.557150 2021] [core:warn] [pid 7804:tid 520] AH00098: pid file C:/xampp/apache/logs/httpd.pid overwritten -- Unclean shutdown of previous Apache run?
[Sat Aug 28 11:18:17.560119 2021] [ssl:warn] [pid 7804:tid 520] AH01909: www.example.com:443:0 server certificate does NOT include an ID which matches the server name
[Sat Aug 28 11:18:17.925529 2021] [mpm_winnt:notice] [pid 7804:tid 520] AH00455: Apache/2.4.46 (Win64) OpenSSL/1.1.1h PHP/8.0.2 configured -- resuming normal operations
[Sat Aug 28 11:18:17.925529 2021] [mpm_winnt:notice] [pid 7804:tid 520] AH00456: Apache Lounge VS16 Server built: Oct  2 2020 11:45:39
[Sat Aug 28 11:18:17.925529 2021] [core:notice] [pid 7804:tid 520] AH00094: Command line: 'c:\\xampp\\apache\\bin\\httpd.exe -d C:/xampp/apache'
[Sat Aug 28 11:18:17.928529 2021] [mpm_winnt:notice] [pid 7804:tid 520] AH00418: Parent: Created child process 16216
[Sat Aug 28 11:18:18.272430 2021] [ssl:warn] [pid 16216:tid 572] AH01909: www.example.com:443:0 server certificate does NOT include an ID which matches the server name
[Sat Aug 28 11:18:18.324859 2021] [ssl:warn] [pid 16216:tid 572] AH01909: www.example.com:443:0 server certificate does NOT include an ID which matches the server name
[Sat Aug 28 11:18:18.353151 2021] [mpm_winnt:notice] [pid 16216:tid 572] AH00354: Child: Starting 150 worker threads.
[Sat Aug 28 11:41:35.658922 2021] [php:error] [pid 16216:tid 1840] [client 127.0.0.1:50655] script 'C:/xampp/htdocs/reportServer.php' not found or unable to stat, referer: http://localhost:3000/react/VGO?daysAtWork=2&client=&history=&MVP=&serviceCode=&TextTask=&Manager=&CopyManager=&files=
[Mon Aug 30 07:47:02.386529 2021] [php:error] [pid 16216:tid 1840] [client 127.0.0.1:59152] PHP Fatal error:  Uncaught TypeError: Cannot access offset of type string on string in C:\\xampp\\htdocs\\reportserver\\index.php:271\nStack trace:\n#0 {main}\n  thrown in C:\\xampp\\htdocs\\reportserver\\index.php on line 271, referer: http://localhost:3000/react/VGO
[Mon Aug 30 07:49:18.172478 2021] [php:error] [pid 16216:tid 1840] [client 127.0.0.1:52199] PHP Fatal error:  Uncaught Error: Object of class stdClass could not be converted to string in C:\\xampp\\htdocs\\reportserver\\index.php:271\nStack trace:\n#0 {main}\n  thrown in C:\\xampp\\htdocs\\reportserver\\index.php on line 271, referer: http://localhost:3000/react/VGO
[Mon Aug 30 07:50:49.249654 2021] [php:error] [pid 16216:tid 1840] [client 127.0.0.1:60070] PHP Fatal error:  Uncaught TypeError: Cannot access offset of type string on string in C:\\xampp\\htdocs\\reportserver\\index.php:272\nStack trace:\n#0 {main}\n  thrown in C:\\xampp\\htdocs\\reportserver\\index.php on line 272, referer: http://localhost:3000/react/VGO
[Mon Aug 30 07:53:42.668880 2021] [php:error] [pid 16216:tid 1832] [client 127.0.0.1:50875] PHP Fatal error:  Uncaught TypeError: Cannot access offset of type string on string in C:\\xampp\\htdocs\\reportserver\\index.php:271\nStack trace:\n#0 {main}\n  thrown in C:\\xampp\\htdocs\\reportserver\\index.php on line 271, referer: http://localhost:3000/react/VGO
[Mon Aug 30 07:55:03.130753 2021] [php:error] [pid 16216:tid 1832] [client 127.0.0.1:59301] PHP Fatal error:  Uncaught Error: Cannot use object of type stdClass as array in C:\\xampp\\htdocs\\reportserver\\index.php:272\nStack trace:\n#0 {main}\n  thrown in C:\\xampp\\htdocs\\reportserver\\index.php on line 272, referer: http://localhost:3000/react/VGO
[Mon Aug 30 07:56:11.955042 2021] [php:error] [pid 16216:tid 1832] [client 127.0.0.1:59920] PHP Fatal error:  Uncaught Error: Object of class stdClass could not be converted to string in C:\\xampp\\htdocs\\reportserver\\index.php:272\nStack trace:\n#0 {main}\n  thrown in C:\\xampp\\htdocs\\reportserver\\index.php on line 272, referer: http://localhost:3000/react/VGO
[Mon Aug 30 13:44:14.173861 2021] [ssl:warn] [pid 15356:tid 588] AH01909: www.example.com:443:0 server certificate does NOT include an ID which matches the server name
[Mon Aug 30 13:44:14.224298 2021] [core:warn] [pid 15356:tid 588] AH00098: pid file C:/xampp/apache/logs/httpd.pid overwritten -- Unclean shutdown of previous Apache run?
[Mon Aug 30 13:44:14.226301 2021] [ssl:warn] [pid 15356:tid 588] AH01909: www.example.com:443:0 server certificate does NOT include an ID which matches the server name
[Mon Aug 30 13:44:14.563205 2021] [mpm_winnt:notice] [pid 15356:tid 588] AH00455: Apache/2.4.46 (Win64) OpenSSL/1.1.1h PHP/8.0.2 configured -- resuming normal operations
[Mon Aug 30 13:44:14.563205 2021] [mpm_winnt:notice] [pid 15356:tid 588] AH00456: Apache Lounge VS16 Server built: Oct  2 2020 11:45:39
[Mon Aug 30 13:44:14.563205 2021] [core:notice] [pid 15356:tid 588] AH00094: Command line: 'c:\\xampp\\apache\\bin\\httpd.exe -d C:/xampp/apache'
[Mon Aug 30 13:44:14.567742 2021] [mpm_winnt:notice] [pid 15356:tid 588] AH00418: Parent: Created child process 9104
[Mon Aug 30 13:44:14.934934 2021] [ssl:warn] [pid 9104:tid 572] AH01909: www.example.com:443:0 server certificate does NOT include an ID which matches the server name
[Mon Aug 30 13:44:14.986940 2021] [ssl:warn] [pid 9104:tid 572] AH01909: www.example.com:443:0 server certificate does NOT include an ID which matches the server name
[Mon Aug 30 13:44:15.017941 2021] [mpm_winnt:notice] [pid 9104:tid 572] AH00354: Child: Starting 150 worker threads.
[Tue Aug 31 10:34:10.873095 2021] [php:error] [pid 9104:tid 1800] [client 127.0.0.1:49610] PHP Fatal error:  Uncaught TypeError: Unsupported operand types: string + string in C:\\xampp\\htdocs\\reportserver\\index.php:22\nStack trace:\n#0 {main}\n  thrown in C:\\xampp\\htdocs\\reportserver\\index.php on line 22, referer: http://localhost:3000/react/VGO/1993/1
[Tue Aug 31 10:34:20.321317 2021] [php:error] [pid 9104:tid 1800] [client 127.0.0.1:53377] PHP Fatal error:  Uncaught TypeError: Unsupported operand types: string + string in C:\\xampp\\htdocs\\reportserver\\index.php:22\nStack trace:\n#0 {main}\n  thrown in C:\\xampp\\htdocs\\reportserver\\index.php on line 22, referer: http://localhost:3000/react/VGO/1993/1
[Tue Aug 31 10:35:24.139225 2021] [php:error] [pid 9104:tid 1800] [client 127.0.0.1:53945] PHP Fatal error:  Uncaught TypeError: Unsupported operand types: string + string in C:\\xampp\\htdocs\\reportserver\\index.php:22\nStack trace:\n#0 {main}\n  thrown in C:\\xampp\\htdocs\\reportserver\\index.php on line 22, referer: http://localhost:3000/react/VGO/1993/1
[Tue Aug 31 10:35:28.388539 2021] [php:error] [pid 9104:tid 1816] [client 127.0.0.1:64897] PHP Fatal error:  Uncaught TypeError: Unsupported operand types: string + string in C:\\xampp\\htdocs\\reportserver\\index.php:22\nStack trace:\n#0 {main}\n  thrown in C:\\xampp\\htdocs\\reportserver\\index.php on line 22, referer: http://localhost:3000/react/VGO/1993
[Tue Aug 31 10:36:11.393091 2021] [php:error] [pid 9104:tid 1816] [client 127.0.0.1:54501] PHP Fatal error:  Uncaught TypeError: Unsupported operand types: string + string in C:\\xampp\\htdocs\\reportserver\\index.php:22\nStack trace:\n#0 {main}\n  thrown in C:\\xampp\\htdocs\\reportserver\\index.php on line 22, referer: http://localhost:3000/react/VGO/1993
[Tue Aug 31 10:36:12.489577 2021] [php:error] [pid 9104:tid 1836] [client 127.0.0.1:49738] PHP Fatal error:  Uncaught TypeError: Unsupported operand types: string + string in C:\\xampp\\htdocs\\reportserver\\index.php:22\nStack trace:\n#0 {main}\n  thrown in C:\\xampp\\htdocs\\reportserver\\index.php on line 22, referer: http://localhost:3000/react/VGO/1993
[Wed Sep 01 14:05:55.039294 2021] [ssl:warn] [pid 12196:tid 616] AH01909: www.example.com:443:0 server certificate does NOT include an ID which matches the server name
[Wed Sep 01 14:05:55.086171 2021] [core:warn] [pid 12196:tid 616] AH00098: pid file C:/xampp/apache/logs/httpd.pid overwritten -- Unclean shutdown of previous Apache run?
[Wed Sep 01 14:05:55.101793 2021] [ssl:warn] [pid 12196:tid 616] AH01909: www.example.com:443:0 server certificate does NOT include an ID which matches the server name
[Wed Sep 01 14:05:55.429909 2021] [mpm_winnt:notice] [pid 12196:tid 616] AH00455: Apache/2.4.46 (Win64) OpenSSL/1.1.1h PHP/8.0.2 configured -- resuming normal operations
[Wed Sep 01 14:05:55.429909 2021] [mpm_winnt:notice] [pid 12196:tid 616] AH00456: Apache Lounge VS16 Server built: Oct  2 2020 11:45:39
[Wed Sep 01 14:05:55.429909 2021] [core:notice] [pid 12196:tid 616] AH00094: Command line: 'c:\\xampp\\apache\\bin\\httpd.exe -d C:/xampp/apache'
[Wed Sep 01 14:05:55.445533 2021] [mpm_winnt:notice] [pid 12196:tid 616] AH00418: Parent: Created child process 720
[Wed Sep 01 14:05:55.775941 2021] [ssl:warn] [pid 720:tid 584] AH01909: www.example.com:443:0 server certificate does NOT include an ID which matches the server name
[Wed Sep 01 14:05:55.838440 2021] [ssl:warn] [pid 720:tid 584] AH01909: www.example.com:443:0 server certificate does NOT include an ID which matches the server name
[Wed Sep 01 14:05:55.854067 2021] [mpm_winnt:notice] [pid 720:tid 584] AH00354: Child: Starting 150 worker threads.
[Fri Sep 03 09:01:34.454053 2021] [ssl:warn] [pid 17816:tid 608] AH01909: www.example.com:443:0 server certificate does NOT include an ID which matches the server name
[Fri Sep 03 09:01:34.504787 2021] [core:warn] [pid 17816:tid 608] AH00098: pid file C:/xampp/apache/logs/httpd.pid overwritten -- Unclean shutdown of previous Apache run?
[Fri Sep 03 09:01:34.507853 2021] [ssl:warn] [pid 17816:tid 608] AH01909: www.example.com:443:0 server certificate does NOT include an ID which matches the server name
[Fri Sep 03 09:01:34.797456 2021] [mpm_winnt:notice] [pid 17816:tid 608] AH00455: Apache/2.4.46 (Win64) OpenSSL/1.1.1h PHP/8.0.2 configured -- resuming normal operations
[Fri Sep 03 09:01:34.797456 2021] [mpm_winnt:notice] [pid 17816:tid 608] AH00456: Apache Lounge VS16 Server built: Oct  2 2020 11:45:39
[Fri Sep 03 09:01:34.797456 2021] [core:notice] [pid 17816:tid 608] AH00094: Command line: 'c:\\xampp\\apache\\bin\\httpd.exe -d C:/xampp/apache'
[Fri Sep 03 09:01:34.801457 2021] [mpm_winnt:notice] [pid 17816:tid 608] AH00418: Parent: Created child process 6340
[Fri Sep 03 09:01:35.157303 2021] [ssl:warn] [pid 6340:tid 592] AH01909: www.example.com:443:0 server certificate does NOT include an ID which matches the server name
[Fri Sep 03 09:01:35.206702 2021] [ssl:warn] [pid 6340:tid 592] AH01909: www.example.com:443:0 server certificate does NOT include an ID which matches the server name
[Fri Sep 03 09:01:35.239145 2021] [mpm_winnt:notice] [pid 6340:tid 592] AH00354: Child: Starting 150 worker threads.
[Wed Sep 14 18:50:00.638171 2022] [ssl:warn] [pid 12776:tid 588] AH01909: www.example.com:443:0 server certificate does NOT include an ID which matches the server name
[Wed Sep 14 18:50:00.685061 2022] [core:warn] [pid 12776:tid 588] AH00098: pid file C:/xampp/apache/logs/httpd.pid overwritten -- Unclean shutdown of previous Apache run?
[Wed Sep 14 18:50:00.685061 2022] [ssl:warn] [pid 12776:tid 588] AH01909: www.example.com:443:0 server certificate does NOT include an ID which matches the server name
[Wed Sep 14 18:50:00.950767 2022] [mpm_winnt:notice] [pid 12776:tid 588] AH00455: Apache/2.4.46 (Win64) OpenSSL/1.1.1h PHP/8.0.2 configured -- resuming normal operations
[Wed Sep 14 18:50:00.950767 2022] [mpm_winnt:notice] [pid 12776:tid 588] AH00456: Apache Lounge VS16 Server built: Oct  2 2020 11:45:39
[Wed Sep 14 18:50:00.950767 2022] [core:notice] [pid 12776:tid 588] AH00094: Command line: 'c:\\xampp\\apache\\bin\\httpd.exe -d C:/xampp/apache'
[Wed Sep 14 18:50:00.950767 2022] [mpm_winnt:notice] [pid 12776:tid 588] AH00418: Parent: Created child process 16240
[Wed Sep 14 18:50:01.312129 2022] [ssl:warn] [pid 16240:tid 608] AH01909: www.example.com:443:0 server certificate does NOT include an ID which matches the server name
[Wed Sep 14 18:50:01.343388 2022] [ssl:warn] [pid 16240:tid 608] AH01909: www.example.com:443:0 server certificate does NOT include an ID which matches the server name
[Wed Sep 14 18:50:01.374648 2022] [mpm_winnt:notice] [pid 16240:tid 608] AH00354: Child: Starting 150 worker threads.
