InnoDB: using atomic writes.
2021-02-22 23:06:00 0 [Note] InnoDB: Mutexes and rw_locks use Windows interlocked functions
2021-02-22 23:06:00 0 [Note] InnoDB: Uses event mutexes
2021-02-22 23:06:00 0 [Note] InnoDB: Compressed tables use zlib 1.2.11
2021-02-22 23:06:00 0 [Note] InnoDB: Number of pools: 1
2021-02-22 23:06:00 0 [Note] InnoDB: Using SSE2 crc32 instructions
2021-02-22 23:06:00 0 [Note] InnoDB: Initializing buffer pool, total size = 16M, instances = 1, chunk size = 16M
2021-02-22 23:06:00 0 [Note] InnoDB: Completed initialization of buffer pool
2021-02-22 23:06:00 0 [Note] InnoDB: Starting crash recovery from checkpoint LSN=300288
2021-02-22 23:06:00 0 [Note] InnoDB: 128 out of 128 rollback segments are active.
2021-02-22 23:06:00 0 [Note] InnoDB: Removed temporary tablespace data file: "ibtmp1"
2021-02-22 23:06:00 0 [Note] InnoDB: Creating shared tablespace for temporary tables
2021-02-22 23:06:00 0 [Note] InnoDB: Setting file 'C:\xampp\mysql\data\ibtmp1' size to 12 MB. Physically writing the file full; Please wait ...
2021-02-22 23:06:00 0 [Note] InnoDB: File 'C:\xampp\mysql\data\ibtmp1' size is now 12 MB.
2021-02-22 23:06:00 0 [Note] InnoDB: Waiting for purge to start
2021-02-22 23:06:00 0 [Note] InnoDB: 10.4.17 started; log sequence number 300297; transaction id 170
2021-02-22 23:06:00 0 [Note] InnoDB: Loading buffer pool(s) from C:\xampp\mysql\data\ib_buffer_pool
2021-02-22 23:06:00 0 [Note] Plugin 'FEEDBACK' is disabled.
2021-02-22 23:06:00 0 [Note] Server socket created on IP: '::'.
2021-02-22 23:06:00 0 [Note] InnoDB: Buffer pool(s) load completed at 210222 23:06:00
InnoDB: using atomic writes.
2021-02-23 13:55:00 0 [Note] InnoDB: Mutexes and rw_locks use Windows interlocked functions
2021-02-23 13:55:00 0 [Note] InnoDB: Uses event mutexes
2021-02-23 13:55:00 0 [Note] InnoDB: Compressed tables use zlib 1.2.11
2021-02-23 13:55:00 0 [Note] InnoDB: Number of pools: 1
2021-02-23 13:55:00 0 [Note] InnoDB: Using SSE2 crc32 instructions
2021-02-23 13:55:00 0 [Note] InnoDB: Initializing buffer pool, total size = 16M, instances = 1, chunk size = 16M
2021-02-23 13:55:00 0 [Note] InnoDB: Completed initialization of buffer pool
2021-02-23 13:55:00 0 [Note] InnoDB: Starting crash recovery from checkpoint LSN=364379
2021-02-23 13:55:00 0 [Note] InnoDB: 128 out of 128 rollback segments are active.
2021-02-23 13:55:00 0 [Note] InnoDB: Removed temporary tablespace data file: "ibtmp1"
2021-02-23 13:55:00 0 [Note] InnoDB: Creating shared tablespace for temporary tables
2021-02-23 13:55:00 0 [Note] InnoDB: Setting file 'C:\xampp\mysql\data\ibtmp1' size to 12 MB. Physically writing the file full; Please wait ...
2021-02-23 13:55:00 0 [Note] InnoDB: File 'C:\xampp\mysql\data\ibtmp1' size is now 12 MB.
2021-02-23 13:55:00 0 [Note] InnoDB: Waiting for purge to start
2021-02-23 13:55:00 0 [Note] InnoDB: 10.4.17 started; log sequence number 364388; transaction id 333
2021-02-23 13:55:00 0 [Note] InnoDB: Loading buffer pool(s) from C:\xampp\mysql\data\ib_buffer_pool
2021-02-23 13:55:00 0 [Note] Plugin 'FEEDBACK' is disabled.
2021-02-23 13:55:00 0 [Note] InnoDB: Buffer pool(s) load completed at 210223 13:55:00
2021-02-23 13:55:00 0 [Note] Server socket created on IP: '::'.
InnoDB: using atomic writes.
2021-02-24  9:14:11 0 [Note] InnoDB: Mutexes and rw_locks use Windows interlocked functions
2021-02-24  9:14:11 0 [Note] InnoDB: Uses event mutexes
2021-02-24  9:14:11 0 [Note] InnoDB: Compressed tables use zlib 1.2.11
2021-02-24  9:14:11 0 [Note] InnoDB: Number of pools: 1
2021-02-24  9:14:11 0 [Note] InnoDB: Using SSE2 crc32 instructions
2021-02-24  9:14:11 0 [Note] InnoDB: Initializing buffer pool, total size = 16M, instances = 1, chunk size = 16M
2021-02-24  9:14:11 0 [Note] InnoDB: Completed initialization of buffer pool
2021-02-24  9:14:11 0 [Note] InnoDB: Starting crash recovery from checkpoint LSN=382602
2021-02-24  9:14:12 0 [Note] InnoDB: 128 out of 128 rollback segments are active.
2021-02-24  9:14:12 0 [Note] InnoDB: Removed temporary tablespace data file: "ibtmp1"
2021-02-24  9:14:12 0 [Note] InnoDB: Creating shared tablespace for temporary tables
2021-02-24  9:14:12 0 [Note] InnoDB: Setting file 'C:\xampp\mysql\data\ibtmp1' size to 12 MB. Physically writing the file full; Please wait ...
2021-02-24  9:14:12 0 [Note] InnoDB: File 'C:\xampp\mysql\data\ibtmp1' size is now 12 MB.
2021-02-24  9:14:12 0 [Note] InnoDB: Waiting for purge to start
2021-02-24  9:14:12 0 [Note] InnoDB: 10.4.17 started; log sequence number 382611; transaction id 443
2021-02-24  9:14:12 0 [Note] InnoDB: Loading buffer pool(s) from C:\xampp\mysql\data\ib_buffer_pool
2021-02-24  9:14:12 0 [Note] Plugin 'FEEDBACK' is disabled.
2021-02-24  9:14:12 0 [Note] InnoDB: Buffer pool(s) load completed at 210224  9:14:12
2021-02-24  9:14:12 0 [Note] Server socket created on IP: '::'.
InnoDB: using atomic writes.
2021-02-28 16:15:32 0 [Note] InnoDB: Mutexes and rw_locks use Windows interlocked functions
2021-02-28 16:15:32 0 [Note] InnoDB: Uses event mutexes
2021-02-28 16:15:32 0 [Note] InnoDB: Compressed tables use zlib 1.2.11
2021-02-28 16:15:32 0 [Note] InnoDB: Number of pools: 1
2021-02-28 16:15:32 0 [Note] InnoDB: Using SSE2 crc32 instructions
2021-02-28 16:15:32 0 [Note] InnoDB: Initializing buffer pool, total size = 16M, instances = 1, chunk size = 16M
2021-02-28 16:15:32 0 [Note] InnoDB: Completed initialization of buffer pool
2021-02-28 16:15:32 0 [Note] InnoDB: Starting crash recovery from checkpoint LSN=395242
2021-02-28 16:15:33 0 [Note] InnoDB: 128 out of 128 rollback segments are active.
2021-02-28 16:15:33 0 [Note] InnoDB: Removed temporary tablespace data file: "ibtmp1"
2021-02-28 16:15:33 0 [Note] InnoDB: Creating shared tablespace for temporary tables
2021-02-28 16:15:33 0 [Note] InnoDB: Setting file 'C:\xampp\mysql\data\ibtmp1' size to 12 MB. Physically writing the file full; Please wait ...
2021-02-28 16:15:33 0 [Note] InnoDB: File 'C:\xampp\mysql\data\ibtmp1' size is now 12 MB.
2021-02-28 16:15:33 0 [Note] InnoDB: Waiting for purge to start
2021-02-28 16:15:33 0 [Note] InnoDB: 10.4.17 started; log sequence number 395251; transaction id 513
2021-02-28 16:15:33 0 [Note] InnoDB: Loading buffer pool(s) from C:\xampp\mysql\data\ib_buffer_pool
2021-02-28 16:15:33 0 [Note] Plugin 'FEEDBACK' is disabled.
2021-02-28 16:15:33 0 [Note] InnoDB: Buffer pool(s) load completed at 210228 16:15:33
2021-02-28 16:15:33 0 [Note] Server socket created on IP: '::'.
2021-02-28 16:15:33 0 [Note] Reading of all Master_info entries succeeded
2021-02-28 16:15:33 0 [Note] Added new Master_info '' to hash table
2021-02-28 16:15:33 0 [Note] mysql\bin\mysqld.exe: ready for connections.
Version: '10.4.17-MariaDB'  socket: ''  port: 3306  mariadb.org binary distribution
InnoDB: using atomic writes.
2021-03-01  9:07:23 0 [Note] InnoDB: Mutexes and rw_locks use Windows interlocked functions
2021-03-01  9:07:23 0 [Note] InnoDB: Uses event mutexes
2021-03-01  9:07:23 0 [Note] InnoDB: Compressed tables use zlib 1.2.11
2021-03-01  9:07:23 0 [Note] InnoDB: Number of pools: 1
2021-03-01  9:07:23 0 [Note] InnoDB: Using SSE2 crc32 instructions
2021-03-01  9:07:23 0 [Note] InnoDB: Initializing buffer pool, total size = 16M, instances = 1, chunk size = 16M
2021-03-01  9:07:23 0 [Note] InnoDB: Completed initialization of buffer pool
2021-03-01  9:07:24 0 [Note] InnoDB: The log sequence number 139827 in the system tablespace does not match the log sequence number 395276 in the ib_logfiles!
2021-03-01  9:07:24 0 [Note] InnoDB: 128 out of 128 rollback segments are active.
2021-03-01  9:07:24 0 [Note] InnoDB: Removed temporary tablespace data file: "ibtmp1"
2021-03-01  9:07:24 0 [Note] InnoDB: Creating shared tablespace for temporary tables
2021-03-01  9:07:24 0 [Note] InnoDB: Setting file 'C:\xampp\mysql\data\ibtmp1' size to 12 MB. Physically writing the file full; Please wait ...
2021-03-01  9:07:24 0 [Note] InnoDB: File 'C:\xampp\mysql\data\ibtmp1' size is now 12 MB.
2021-03-01  9:07:24 0 [Note] InnoDB: Waiting for purge to start
2021-03-01  9:07:24 0 [Note] InnoDB: 10.4.17 started; log sequence number 395276; transaction id 513
2021-03-01  9:07:24 0 [Note] InnoDB: Loading buffer pool(s) from C:\xampp\mysql\data\ib_buffer_pool
2021-03-01  9:07:24 0 [Note] Plugin 'FEEDBACK' is disabled.
2021-03-01  9:07:24 0 [Note] InnoDB: Buffer pool(s) load completed at 210301  9:07:24
2021-03-01  9:07:24 0 [Note] Server socket created on IP: '::'.
InnoDB: using atomic writes.
2021-03-02 14:44:57 0 [Note] InnoDB: Mutexes and rw_locks use Windows interlocked functions
2021-03-02 14:44:57 0 [Note] InnoDB: Uses event mutexes
2021-03-02 14:44:57 0 [Note] InnoDB: Compressed tables use zlib 1.2.11
2021-03-02 14:44:57 0 [Note] InnoDB: Number of pools: 1
2021-03-02 14:44:57 0 [Note] InnoDB: Using SSE2 crc32 instructions
2021-03-02 14:44:57 0 [Note] InnoDB: Initializing buffer pool, total size = 16M, instances = 1, chunk size = 16M
2021-03-02 14:44:57 0 [Note] InnoDB: Completed initialization of buffer pool
2021-03-02 14:44:57 0 [Note] InnoDB: The log sequence number 139827 in the system tablespace does not match the log sequence number 395276 in the ib_logfiles!
2021-03-02 14:44:57 0 [Note] InnoDB: 128 out of 128 rollback segments are active.
2021-03-02 14:44:57 0 [Note] InnoDB: Removed temporary tablespace data file: "ibtmp1"
2021-03-02 14:44:57 0 [Note] InnoDB: Creating shared tablespace for temporary tables
2021-03-02 14:44:57 0 [Note] InnoDB: Setting file 'C:\xampp\mysql\data\ibtmp1' size to 12 MB. Physically writing the file full; Please wait ...
2021-03-02 14:44:57 0 [Note] InnoDB: File 'C:\xampp\mysql\data\ibtmp1' size is now 12 MB.
2021-03-02 14:44:57 0 [Note] InnoDB: Waiting for purge to start
2021-03-02 14:44:57 0 [Note] InnoDB: 10.4.17 started; log sequence number 395276; transaction id 513
2021-03-02 14:44:57 0 [Note] InnoDB: Loading buffer pool(s) from C:\xampp\mysql\data\ib_buffer_pool
2021-03-02 14:44:57 0 [Note] Plugin 'FEEDBACK' is disabled.
2021-03-02 14:44:57 0 [Note] InnoDB: Buffer pool(s) load completed at 210302 14:44:57
2021-03-02 14:44:57 0 [Note] Server socket created on IP: '::'.
InnoDB: using atomic writes.
2021-03-03 20:54:05 0 [Note] InnoDB: Mutexes and rw_locks use Windows interlocked functions
2021-03-03 20:54:05 0 [Note] InnoDB: Uses event mutexes
2021-03-03 20:54:05 0 [Note] InnoDB: Compressed tables use zlib 1.2.11
2021-03-03 20:54:05 0 [Note] InnoDB: Number of pools: 1
2021-03-03 20:54:05 0 [Note] InnoDB: Using SSE2 crc32 instructions
2021-03-03 20:54:05 0 [Note] InnoDB: Initializing buffer pool, total size = 16M, instances = 1, chunk size = 16M
2021-03-03 20:54:05 0 [Note] InnoDB: Completed initialization of buffer pool
2021-03-03 20:54:05 0 [Note] InnoDB: The log sequence number 139827 in the system tablespace does not match the log sequence number 395276 in the ib_logfiles!
2021-03-03 20:54:05 0 [Note] InnoDB: 128 out of 128 rollback segments are active.
2021-03-03 20:54:05 0 [Note] InnoDB: Removed temporary tablespace data file: "ibtmp1"
2021-03-03 20:54:05 0 [Note] InnoDB: Creating shared tablespace for temporary tables
2021-03-03 20:54:06 0 [Note] InnoDB: Setting file 'C:\xampp\mysql\data\ibtmp1' size to 12 MB. Physically writing the file full; Please wait ...
2021-03-03 20:54:06 0 [Note] InnoDB: File 'C:\xampp\mysql\data\ibtmp1' size is now 12 MB.
2021-03-03 20:54:06 0 [Note] InnoDB: Waiting for purge to start
2021-03-03 20:54:06 0 [Note] InnoDB: 10.4.17 started; log sequence number 395276; transaction id 513
2021-03-03 20:54:06 0 [Note] InnoDB: Loading buffer pool(s) from C:\xampp\mysql\data\ib_buffer_pool
2021-03-03 20:54:06 0 [Note] Plugin 'FEEDBACK' is disabled.
2021-03-03 20:54:06 0 [Note] InnoDB: Buffer pool(s) load completed at 210303 20:54:06
2021-03-03 20:54:06 0 [Note] Server socket created on IP: '::'.
InnoDB: using atomic writes.
2021-03-14 17:11:03 0 [Note] InnoDB: Mutexes and rw_locks use Windows interlocked functions
2021-03-14 17:11:03 0 [Note] InnoDB: Uses event mutexes
2021-03-14 17:11:03 0 [Note] InnoDB: Compressed tables use zlib 1.2.11
2021-03-14 17:11:03 0 [Note] InnoDB: Number of pools: 1
2021-03-14 17:11:03 0 [Note] InnoDB: Using SSE2 crc32 instructions
2021-03-14 17:11:03 0 [Note] InnoDB: Initializing buffer pool, total size = 16M, instances = 1, chunk size = 16M
2021-03-14 17:11:03 0 [Note] InnoDB: Completed initialization of buffer pool
2021-03-14 17:11:03 0 [Note] InnoDB: The log sequence number 139827 in the system tablespace does not match the log sequence number 395276 in the ib_logfiles!
2021-03-14 17:11:04 0 [Note] InnoDB: 128 out of 128 rollback segments are active.
2021-03-14 17:11:04 0 [Note] InnoDB: Removed temporary tablespace data file: "ibtmp1"
2021-03-14 17:11:04 0 [Note] InnoDB: Creating shared tablespace for temporary tables
2021-03-14 17:11:04 0 [Note] InnoDB: Setting file 'C:\xampp\mysql\data\ibtmp1' size to 12 MB. Physically writing the file full; Please wait ...
2021-03-14 17:11:04 0 [Note] InnoDB: File 'C:\xampp\mysql\data\ibtmp1' size is now 12 MB.
2021-03-14 17:11:04 0 [Note] InnoDB: Waiting for purge to start
2021-03-14 17:11:04 0 [Note] InnoDB: 10.4.17 started; log sequence number 395276; transaction id 513
2021-03-14 17:11:04 0 [Note] InnoDB: Loading buffer pool(s) from C:\xampp\mysql\data\ib_buffer_pool
2021-03-14 17:11:04 0 [Note] Plugin 'FEEDBACK' is disabled.
2021-03-14 17:11:04 0 [Note] InnoDB: Buffer pool(s) load completed at 210314 17:11:04
2021-03-14 17:11:04 0 [Note] Server socket created on IP: '::'.
InnoDB: using atomic writes.
2021-03-15  8:27:28 0 [Note] InnoDB: Mutexes and rw_locks use Windows interlocked functions
2021-03-15  8:27:28 0 [Note] InnoDB: Uses event mutexes
2021-03-15  8:27:28 0 [Note] InnoDB: Compressed tables use zlib 1.2.11
2021-03-15  8:27:28 0 [Note] InnoDB: Number of pools: 1
2021-03-15  8:27:28 0 [Note] InnoDB: Using SSE2 crc32 instructions
2021-03-15  8:27:28 0 [Note] InnoDB: Initializing buffer pool, total size = 16M, instances = 1, chunk size = 16M
2021-03-15  8:27:28 0 [Note] InnoDB: Completed initialization of buffer pool
2021-03-15  8:27:28 0 [Note] InnoDB: The log sequence number 139827 in the system tablespace does not match the log sequence number 395276 in the ib_logfiles!
2021-03-15  8:27:28 0 [Note] InnoDB: 128 out of 128 rollback segments are active.
2021-03-15  8:27:28 0 [Note] InnoDB: Removed temporary tablespace data file: "ibtmp1"
2021-03-15  8:27:28 0 [Note] InnoDB: Creating shared tablespace for temporary tables
2021-03-15  8:27:28 0 [Note] InnoDB: Setting file 'C:\xampp\mysql\data\ibtmp1' size to 12 MB. Physically writing the file full; Please wait ...
2021-03-15  8:27:28 0 [Note] InnoDB: File 'C:\xampp\mysql\data\ibtmp1' size is now 12 MB.
2021-03-15  8:27:28 0 [Note] InnoDB: Waiting for purge to start
2021-03-15  8:27:28 0 [Note] InnoDB: 10.4.17 started; log sequence number 395276; transaction id 513
2021-03-15  8:27:28 0 [Note] InnoDB: Loading buffer pool(s) from C:\xampp\mysql\data\ib_buffer_pool
2021-03-15  8:27:28 0 [Note] Plugin 'FEEDBACK' is disabled.
2021-03-15  8:27:28 0 [Note] InnoDB: Buffer pool(s) load completed at 210315  8:27:28
2021-03-15  8:27:28 0 [Note] Server socket created on IP: '::'.
InnoDB: using atomic writes.
2021-03-19 17:38:05 0 [Note] InnoDB: Mutexes and rw_locks use Windows interlocked functions
2021-03-19 17:38:05 0 [Note] InnoDB: Uses event mutexes
2021-03-19 17:38:05 0 [Note] InnoDB: Compressed tables use zlib 1.2.11
2021-03-19 17:38:05 0 [Note] InnoDB: Number of pools: 1
2021-03-19 17:38:05 0 [Note] InnoDB: Using SSE2 crc32 instructions
2021-03-19 17:38:05 0 [Note] InnoDB: Initializing buffer pool, total size = 16M, instances = 1, chunk size = 16M
2021-03-19 17:38:05 0 [Note] InnoDB: Completed initialization of buffer pool
2021-03-19 17:38:05 0 [Note] InnoDB: The log sequence number 139827 in the system tablespace does not match the log sequence number 395276 in the ib_logfiles!
2021-03-19 17:38:05 0 [Note] InnoDB: 128 out of 128 rollback segments are active.
2021-03-19 17:38:05 0 [Note] InnoDB: Removed temporary tablespace data file: "ibtmp1"
2021-03-19 17:38:05 0 [Note] InnoDB: Creating shared tablespace for temporary tables
2021-03-19 17:38:05 0 [Note] InnoDB: Setting file 'C:\xampp\mysql\data\ibtmp1' size to 12 MB. Physically writing the file full; Please wait ...
2021-03-19 17:38:05 0 [Note] InnoDB: File 'C:\xampp\mysql\data\ibtmp1' size is now 12 MB.
2021-03-19 17:38:05 0 [Note] InnoDB: Waiting for purge to start
2021-03-19 17:38:05 0 [Note] InnoDB: 10.4.17 started; log sequence number 395276; transaction id 513
2021-03-19 17:38:05 0 [Note] InnoDB: Loading buffer pool(s) from C:\xampp\mysql\data\ib_buffer_pool
2021-03-19 17:38:05 0 [Note] Plugin 'FEEDBACK' is disabled.
2021-03-19 17:38:05 0 [Note] InnoDB: Buffer pool(s) load completed at 210319 17:38:05
2021-03-19 17:38:05 0 [Note] Server socket created on IP: '::'.
InnoDB: using atomic writes.
2021-04-06 23:23:25 0 [Note] InnoDB: Mutexes and rw_locks use Windows interlocked functions
2021-04-06 23:23:25 0 [Note] InnoDB: Uses event mutexes
2021-04-06 23:23:25 0 [Note] InnoDB: Compressed tables use zlib 1.2.11
2021-04-06 23:23:25 0 [Note] InnoDB: Number of pools: 1
2021-04-06 23:23:25 0 [Note] InnoDB: Using SSE2 crc32 instructions
2021-04-06 23:23:25 0 [Note] InnoDB: Initializing buffer pool, total size = 16M, instances = 1, chunk size = 16M
2021-04-06 23:23:25 0 [Note] InnoDB: Completed initialization of buffer pool
2021-04-06 23:23:25 0 [Note] InnoDB: The log sequence number 139827 in the system tablespace does not match the log sequence number 395276 in the ib_logfiles!
2021-04-06 23:23:25 0 [Note] InnoDB: 128 out of 128 rollback segments are active.
2021-04-06 23:23:25 0 [Note] InnoDB: Removed temporary tablespace data file: "ibtmp1"
2021-04-06 23:23:25 0 [Note] InnoDB: Creating shared tablespace for temporary tables
2021-04-06 23:23:25 0 [Note] InnoDB: Setting file 'C:\xampp\mysql\data\ibtmp1' size to 12 MB. Physically writing the file full; Please wait ...
2021-04-06 23:23:25 0 [Note] InnoDB: File 'C:\xampp\mysql\data\ibtmp1' size is now 12 MB.
2021-04-06 23:23:25 0 [Note] InnoDB: Waiting for purge to start
2021-04-06 23:23:25 0 [Note] InnoDB: 10.4.17 started; log sequence number 395276; transaction id 513
2021-04-06 23:23:25 0 [Note] InnoDB: Loading buffer pool(s) from C:\xampp\mysql\data\ib_buffer_pool
2021-04-06 23:23:25 0 [Note] Plugin 'FEEDBACK' is disabled.
2021-04-06 23:23:25 0 [Note] InnoDB: Buffer pool(s) load completed at 210406 23:23:25
2021-04-06 23:23:25 0 [Note] Server socket created on IP: '::'.
InnoDB: using atomic writes.
2021-04-07 11:21:16 0 [Note] InnoDB: Mutexes and rw_locks use Windows interlocked functions
2021-04-07 11:21:16 0 [Note] InnoDB: Uses event mutexes
2021-04-07 11:21:16 0 [Note] InnoDB: Compressed tables use zlib 1.2.11
2021-04-07 11:21:16 0 [Note] InnoDB: Number of pools: 1
2021-04-07 11:21:16 0 [Note] InnoDB: Using SSE2 crc32 instructions
2021-04-07 11:21:16 0 [Note] InnoDB: Initializing buffer pool, total size = 16M, instances = 1, chunk size = 16M
2021-04-07 11:21:16 0 [Note] InnoDB: Completed initialization of buffer pool
2021-04-07 11:21:16 0 [Note] InnoDB: The log sequence number 139827 in the system tablespace does not match the log sequence number 395276 in the ib_logfiles!
2021-04-07 11:21:16 0 [Note] InnoDB: 128 out of 128 rollback segments are active.
2021-04-07 11:21:16 0 [Note] InnoDB: Removed temporary tablespace data file: "ibtmp1"
2021-04-07 11:21:16 0 [Note] InnoDB: Creating shared tablespace for temporary tables
2021-04-07 11:21:16 0 [Note] InnoDB: Setting file 'C:\xampp\mysql\data\ibtmp1' size to 12 MB. Physically writing the file full; Please wait ...
2021-04-07 11:21:16 0 [Note] InnoDB: File 'C:\xampp\mysql\data\ibtmp1' size is now 12 MB.
2021-04-07 11:21:16 0 [Note] InnoDB: Waiting for purge to start
2021-04-07 11:21:16 0 [Note] InnoDB: 10.4.17 started; log sequence number 395276; transaction id 513
2021-04-07 11:21:16 0 [Note] InnoDB: Loading buffer pool(s) from C:\xampp\mysql\data\ib_buffer_pool
2021-04-07 11:21:16 0 [Note] Plugin 'FEEDBACK' is disabled.
2021-04-07 11:21:16 0 [Note] InnoDB: Buffer pool(s) load completed at 210407 11:21:16
2021-04-07 11:21:16 0 [Note] Server socket created on IP: '::'.
InnoDB: using atomic writes.
2021-04-09 14:16:31 0 [Note] InnoDB: Mutexes and rw_locks use Windows interlocked functions
2021-04-09 14:16:31 0 [Note] InnoDB: Uses event mutexes
2021-04-09 14:16:31 0 [Note] InnoDB: Compressed tables use zlib 1.2.11
2021-04-09 14:16:31 0 [Note] InnoDB: Number of pools: 1
2021-04-09 14:16:31 0 [Note] InnoDB: Using SSE2 crc32 instructions
2021-04-09 14:16:31 0 [Note] InnoDB: Initializing buffer pool, total size = 16M, instances = 1, chunk size = 16M
2021-04-09 14:16:31 0 [Note] InnoDB: Completed initialization of buffer pool
2021-04-09 14:16:31 0 [Note] InnoDB: The log sequence number 139827 in the system tablespace does not match the log sequence number 395276 in the ib_logfiles!
2021-04-09 14:16:32 0 [Note] InnoDB: 128 out of 128 rollback segments are active.
2021-04-09 14:16:32 0 [Note] InnoDB: Removed temporary tablespace data file: "ibtmp1"
2021-04-09 14:16:32 0 [Note] InnoDB: Creating shared tablespace for temporary tables
2021-04-09 14:16:32 0 [Note] InnoDB: Setting file 'C:\xampp\mysql\data\ibtmp1' size to 12 MB. Physically writing the file full; Please wait ...
2021-04-09 14:16:32 0 [Note] InnoDB: File 'C:\xampp\mysql\data\ibtmp1' size is now 12 MB.
2021-04-09 14:16:32 0 [Note] InnoDB: Waiting for purge to start
2021-04-09 14:16:32 0 [Note] InnoDB: 10.4.17 started; log sequence number 395276; transaction id 513
2021-04-09 14:16:32 0 [Note] InnoDB: Loading buffer pool(s) from C:\xampp\mysql\data\ib_buffer_pool
2021-04-09 14:16:32 0 [Note] Plugin 'FEEDBACK' is disabled.
2021-04-09 14:16:32 0 [Note] InnoDB: Buffer pool(s) load completed at 210409 14:16:32
2021-04-09 14:16:32 0 [Note] Server socket created on IP: '::'.
InnoDB: using atomic writes.
2021-04-14  9:45:01 0 [Note] InnoDB: Mutexes and rw_locks use Windows interlocked functions
2021-04-14  9:45:01 0 [Note] InnoDB: Uses event mutexes
2021-04-14  9:45:01 0 [Note] InnoDB: Compressed tables use zlib 1.2.11
2021-04-14  9:45:01 0 [Note] InnoDB: Number of pools: 1
2021-04-14  9:45:01 0 [Note] InnoDB: Using SSE2 crc32 instructions
2021-04-14  9:45:01 0 [Note] InnoDB: Initializing buffer pool, total size = 16M, instances = 1, chunk size = 16M
2021-04-14  9:45:01 0 [Note] InnoDB: Completed initialization of buffer pool
2021-04-14  9:45:01 0 [Note] InnoDB: The log sequence number 139827 in the system tablespace does not match the log sequence number 395276 in the ib_logfiles!
2021-04-14  9:45:01 0 [Note] InnoDB: 128 out of 128 rollback segments are active.
2021-04-14  9:45:01 0 [Note] InnoDB: Removed temporary tablespace data file: "ibtmp1"
2021-04-14  9:45:01 0 [Note] InnoDB: Creating shared tablespace for temporary tables
2021-04-14  9:45:01 0 [Note] InnoDB: Setting file 'C:\xampp\mysql\data\ibtmp1' size to 12 MB. Physically writing the file full; Please wait ...
2021-04-14  9:45:01 0 [Note] InnoDB: File 'C:\xampp\mysql\data\ibtmp1' size is now 12 MB.
2021-04-14  9:45:01 0 [Note] InnoDB: Waiting for purge to start
2021-04-14  9:45:01 0 [Note] InnoDB: 10.4.17 started; log sequence number 395276; transaction id 513
2021-04-14  9:45:01 0 [Note] InnoDB: Loading buffer pool(s) from C:\xampp\mysql\data\ib_buffer_pool
2021-04-14  9:45:01 0 [Note] Plugin 'FEEDBACK' is disabled.
2021-04-14  9:45:01 0 [Note] InnoDB: Buffer pool(s) load completed at 210414  9:45:01
2021-04-14  9:45:01 0 [Note] Server socket created on IP: '::'.
InnoDB: using atomic writes.
2021-08-28 11:18:17 0 [Note] InnoDB: Mutexes and rw_locks use Windows interlocked functions
2021-08-28 11:18:17 0 [Note] InnoDB: Uses event mutexes
2021-08-28 11:18:17 0 [Note] InnoDB: Compressed tables use zlib 1.2.11
2021-08-28 11:18:17 0 [Note] InnoDB: Number of pools: 1
2021-08-28 11:18:17 0 [Note] InnoDB: Using SSE2 crc32 instructions
2021-08-28 11:18:17 0 [Note] InnoDB: Initializing buffer pool, total size = 16M, instances = 1, chunk size = 16M
2021-08-28 11:18:17 0 [Note] InnoDB: Completed initialization of buffer pool
2021-08-28 11:18:17 0 [Note] InnoDB: The log sequence number 139827 in the system tablespace does not match the log sequence number 395276 in the ib_logfiles!
2021-08-28 11:18:17 0 [Note] InnoDB: 128 out of 128 rollback segments are active.
2021-08-28 11:18:17 0 [Note] InnoDB: Removed temporary tablespace data file: "ibtmp1"
2021-08-28 11:18:17 0 [Note] InnoDB: Creating shared tablespace for temporary tables
2021-08-28 11:18:17 0 [Note] InnoDB: Setting file 'C:\xampp\mysql\data\ibtmp1' size to 12 MB. Physically writing the file full; Please wait ...
2021-08-28 11:18:17 0 [Note] InnoDB: File 'C:\xampp\mysql\data\ibtmp1' size is now 12 MB.
2021-08-28 11:18:17 0 [Note] InnoDB: Waiting for purge to start
2021-08-28 11:18:17 0 [Note] InnoDB: 10.4.17 started; log sequence number 395276; transaction id 513
2021-08-28 11:18:17 0 [Note] InnoDB: Loading buffer pool(s) from C:\xampp\mysql\data\ib_buffer_pool
2021-08-28 11:18:17 0 [Note] Plugin 'FEEDBACK' is disabled.
2021-08-28 11:18:17 0 [Note] InnoDB: Buffer pool(s) load completed at 210828 11:18:17
2021-08-28 11:18:17 0 [Note] Server socket created on IP: '::'.
InnoDB: using atomic writes.
2021-08-30 13:44:13 0 [Note] InnoDB: Mutexes and rw_locks use Windows interlocked functions
2021-08-30 13:44:13 0 [Note] InnoDB: Uses event mutexes
2021-08-30 13:44:13 0 [Note] InnoDB: Compressed tables use zlib 1.2.11
2021-08-30 13:44:13 0 [Note] InnoDB: Number of pools: 1
2021-08-30 13:44:13 0 [Note] InnoDB: Using SSE2 crc32 instructions
2021-08-30 13:44:13 0 [Note] InnoDB: Initializing buffer pool, total size = 16M, instances = 1, chunk size = 16M
2021-08-30 13:44:13 0 [Note] InnoDB: Completed initialization of buffer pool
2021-08-30 13:44:13 0 [Note] InnoDB: The log sequence number 139827 in the system tablespace does not match the log sequence number 395276 in the ib_logfiles!
2021-08-30 13:44:13 0 [Note] InnoDB: 128 out of 128 rollback segments are active.
2021-08-30 13:44:13 0 [Note] InnoDB: Removed temporary tablespace data file: "ibtmp1"
2021-08-30 13:44:13 0 [Note] InnoDB: Creating shared tablespace for temporary tables
2021-08-30 13:44:13 0 [Note] InnoDB: Setting file 'C:\xampp\mysql\data\ibtmp1' size to 12 MB. Physically writing the file full; Please wait ...
2021-08-30 13:44:13 0 [Note] InnoDB: File 'C:\xampp\mysql\data\ibtmp1' size is now 12 MB.
2021-08-30 13:44:13 0 [Note] InnoDB: Waiting for purge to start
2021-08-30 13:44:13 0 [Note] InnoDB: 10.4.17 started; log sequence number 395276; transaction id 513
2021-08-30 13:44:13 0 [Note] InnoDB: Loading buffer pool(s) from C:\xampp\mysql\data\ib_buffer_pool
2021-08-30 13:44:13 0 [Note] Plugin 'FEEDBACK' is disabled.
2021-08-30 13:44:13 0 [Note] InnoDB: Buffer pool(s) load completed at 210830 13:44:13
2021-08-30 13:44:13 0 [Note] Server socket created on IP: '::'.
InnoDB: using atomic writes.
2021-09-01 14:05:54 0 [Note] InnoDB: Mutexes and rw_locks use Windows interlocked functions
2021-09-01 14:05:54 0 [Note] InnoDB: Uses event mutexes
2021-09-01 14:05:54 0 [Note] InnoDB: Compressed tables use zlib 1.2.11
2021-09-01 14:05:54 0 [Note] InnoDB: Number of pools: 1
2021-09-01 14:05:54 0 [Note] InnoDB: Using SSE2 crc32 instructions
2021-09-01 14:05:54 0 [Note] InnoDB: Initializing buffer pool, total size = 16M, instances = 1, chunk size = 16M
2021-09-01 14:05:54 0 [Note] InnoDB: Completed initialization of buffer pool
2021-09-01 14:05:54 0 [Note] InnoDB: The log sequence number 139827 in the system tablespace does not match the log sequence number 395276 in the ib_logfiles!
2021-09-01 14:05:54 0 [Note] InnoDB: 128 out of 128 rollback segments are active.
2021-09-01 14:05:54 0 [Note] InnoDB: Removed temporary tablespace data file: "ibtmp1"
2021-09-01 14:05:54 0 [Note] InnoDB: Creating shared tablespace for temporary tables
2021-09-01 14:05:54 0 [Note] InnoDB: Setting file 'C:\xampp\mysql\data\ibtmp1' size to 12 MB. Physically writing the file full; Please wait ...
2021-09-01 14:05:54 0 [Note] InnoDB: File 'C:\xampp\mysql\data\ibtmp1' size is now 12 MB.
2021-09-01 14:05:54 0 [Note] InnoDB: Waiting for purge to start
2021-09-01 14:05:54 0 [Note] InnoDB: 10.4.17 started; log sequence number 395276; transaction id 513
2021-09-01 14:05:54 0 [Note] InnoDB: Loading buffer pool(s) from C:\xampp\mysql\data\ib_buffer_pool
2021-09-01 14:05:54 0 [Note] Plugin 'FEEDBACK' is disabled.
2021-09-01 14:05:54 0 [Note] InnoDB: Buffer pool(s) load completed at 210901 14:05:54
2021-09-01 14:05:54 0 [Note] Server socket created on IP: '::'.
InnoDB: using atomic writes.
2021-09-03  9:01:33 0 [Note] InnoDB: Mutexes and rw_locks use Windows interlocked functions
2021-09-03  9:01:33 0 [Note] InnoDB: Uses event mutexes
2021-09-03  9:01:33 0 [Note] InnoDB: Compressed tables use zlib 1.2.11
2021-09-03  9:01:33 0 [Note] InnoDB: Number of pools: 1
2021-09-03  9:01:33 0 [Note] InnoDB: Using SSE2 crc32 instructions
2021-09-03  9:01:33 0 [Note] InnoDB: Initializing buffer pool, total size = 16M, instances = 1, chunk size = 16M
2021-09-03  9:01:33 0 [Note] InnoDB: Completed initialization of buffer pool
2021-09-03  9:01:33 0 [Note] InnoDB: The log sequence number 139827 in the system tablespace does not match the log sequence number 395276 in the ib_logfiles!
2021-09-03  9:01:34 0 [Note] InnoDB: 128 out of 128 rollback segments are active.
2021-09-03  9:01:34 0 [Note] InnoDB: Removed temporary tablespace data file: "ibtmp1"
2021-09-03  9:01:34 0 [Note] InnoDB: Creating shared tablespace for temporary tables
2021-09-03  9:01:34 0 [Note] InnoDB: Setting file 'C:\xampp\mysql\data\ibtmp1' size to 12 MB. Physically writing the file full; Please wait ...
2021-09-03  9:01:34 0 [Note] InnoDB: File 'C:\xampp\mysql\data\ibtmp1' size is now 12 MB.
2021-09-03  9:01:34 0 [Note] InnoDB: Waiting for purge to start
2021-09-03  9:01:34 0 [Note] InnoDB: 10.4.17 started; log sequence number 395276; transaction id 513
2021-09-03  9:01:34 0 [Note] InnoDB: Loading buffer pool(s) from C:\xampp\mysql\data\ib_buffer_pool
2021-09-03  9:01:34 0 [Note] Plugin 'FEEDBACK' is disabled.
2021-09-03  9:01:34 0 [Note] InnoDB: Buffer pool(s) load completed at 210903  9:01:34
2021-09-03  9:01:34 0 [Note] Server socket created on IP: '::'.
